{"/Users/ririnator/Desktop/FAF/backend/config/cloudinary.js": {"path":"/Users/ririnator/Desktop/FAF/backend/config/cloudinary.js","statementMap":{"0":{"start":{"line":2,"column":27},"end":{"line":2,"column":48}},"1":{"start":{"line":4,"column":0},"end":{"line":9,"column":3}},"2":{"start":{"line":11,"column":0},"end":{"line":11,"column":28}}},"fnMap":{},"branchMap":{},"s":{"0":1,"1":1,"2":1},"f":{},"b":{},"_coverageSchema":"1a1c01bbd47fc00a2c39e90264f33305004495a9","hash":"98a0b944326dc5d3987ec05085b4bbd025c060e1"}
,"/Users/ririnator/Desktop/FAF/backend/models/Response.js": {"path":"/Users/ririnator/Desktop/FAF/backend/models/Response.js","statementMap":{"0":{"start":{"line":1,"column":17},"end":{"line":1,"column":36}},"1":{"start":{"line":2,"column":15},"end":{"line":2,"column":30}},"2":{"start":{"line":4,"column":23},"end":{"line":16,"column":2}},"3":{"start":{"line":18,"column":0},"end":{"line":24,"column":2}},"4":{"start":{"line":26,"column":0},"end":{"line":26,"column":60}}},"fnMap":{},"branchMap":{},"s":{"0":6,"1":6,"2":6,"3":6,"4":6},"f":{},"b":{},"_coverageSchema":"1a1c01bbd47fc00a2c39e90264f33305004495a9","hash":"26294dfb2ca6f15713f762a847c5df08f5d40d9a"}
,"/Users/ririnator/Desktop/FAF/backend/routes/adminRoutes.js": {"path":"/Users/ririnator/Desktop/FAF/backend/routes/adminRoutes.js","statementMap":{"0":{"start":{"line":2,"column":17},"end":{"line":2,"column":35}},"1":{"start":{"line":3,"column":17},"end":{"line":3,"column":36}},"2":{"start":{"line":4,"column":17},"end":{"line":4,"column":33}},"3":{"start":{"line":5,"column":17},"end":{"line":5,"column":46}},"4":{"start":{"line":8,"column":0},"end":{"line":17,"column":3}},"5":{"start":{"line":9,"column":2},"end":{"line":16,"column":3}},"6":{"start":{"line":10,"column":16},"end":{"line":10,"column":43}},"7":{"start":{"line":11,"column":4},"end":{"line":11,"column":78}},"8":{"start":{"line":11,"column":14},"end":{"line":11,"column":78}},"9":{"start":{"line":12,"column":4},"end":{"line":12,"column":26}},"10":{"start":{"line":13,"column":4},"end":{"line":13,"column":11}},"11":{"start":{"line":15,"column":4},"end":{"line":15,"column":14}},"12":{"start":{"line":21,"column":0},"end":{"line":45,"column":3}},"13":{"start":{"line":22,"column":2},"end":{"line":44,"column":3}},"14":{"start":{"line":23,"column":18},"end":{"line":23,"column":65}},"15":{"start":{"line":24,"column":18},"end":{"line":24,"column":80}},"16":{"start":{"line":25,"column":18},"end":{"line":25,"column":36}},"17":{"start":{"line":27,"column":23},"end":{"line":27,"column":54}},"18":{"start":{"line":28,"column":23},"end":{"line":28,"column":52}},"19":{"start":{"line":30,"column":17},"end":{"line":35,"column":13}},"20":{"start":{"line":37,"column":4},"end":{"line":40,"column":7}},"21":{"start":{"line":42,"column":4},"end":{"line":42,"column":59}},"22":{"start":{"line":43,"column":4},"end":{"line":43,"column":67}},"23":{"start":{"line":48,"column":0},"end":{"line":60,"column":5}},"24":{"start":{"line":50,"column":4},"end":{"line":50,"column":30}},"25":{"start":{"line":53,"column":4},"end":{"line":59,"column":5}},"26":{"start":{"line":54,"column":6},"end":{"line":54,"column":40}},"27":{"start":{"line":55,"column":6},"end":{"line":55,"column":61}},"28":{"start":{"line":57,"column":6},"end":{"line":57,"column":66}},"29":{"start":{"line":58,"column":6},"end":{"line":58,"column":70}},"30":{"start":{"line":64,"column":0},"end":{"line":115,"column":3}},"31":{"start":{"line":65,"column":2},"end":{"line":114,"column":3}},"32":{"start":{"line":66,"column":18},"end":{"line":66,"column":20}},"33":{"start":{"line":67,"column":4},"end":{"line":73,"column":5}},"34":{"start":{"line":68,"column":21},"end":{"line":68,"column":73}},"35":{"start":{"line":68,"column":57},"end":{"line":68,"column":72}},"36":{"start":{"line":69,"column":6},"end":{"line":72,"column":8}},"37":{"start":{"line":75,"column":18},"end":{"line":75,"column":46}},"38":{"start":{"line":76,"column":24},"end":{"line":89,"column":5}},"39":{"start":{"line":90,"column":23},"end":{"line":93,"column":16}},"40":{"start":{"line":95,"column":17},"end":{"line":97,"column":13}},"41":{"start":{"line":99,"column":20},"end":{"line":99,"column":22}},"42":{"start":{"line":100,"column":4},"end":{"line":106,"column":7}},"43":{"start":{"line":101,"column":6},"end":{"line":105,"column":9}},"44":{"start":{"line":102,"column":8},"end":{"line":102,"column":41}},"45":{"start":{"line":102,"column":34},"end":{"line":102,"column":41}},"46":{"start":{"line":103,"column":8},"end":{"line":103,"column":56}},"47":{"start":{"line":104,"column":8},"end":{"line":104,"column":71}},"48":{"start":{"line":107,"column":24},"end":{"line":108,"column":56}},"49":{"start":{"line":108,"column":35},"end":{"line":108,"column":54}},"50":{"start":{"line":110,"column":4},"end":{"line":110,"column":48}},"51":{"start":{"line":112,"column":4},"end":{"line":112,"column":45}},"52":{"start":{"line":113,"column":4},"end":{"line":113,"column":64}},"53":{"start":{"line":119,"column":0},"end":{"line":160,"column":3}},"54":{"start":{"line":120,"column":2},"end":{"line":159,"column":3}},"55":{"start":{"line":121,"column":21},"end":{"line":148,"column":5}},"56":{"start":{"line":150,"column":19},"end":{"line":153,"column":16}},"57":{"start":{"line":155,"column":4},"end":{"line":155,"column":21}},"58":{"start":{"line":157,"column":4},"end":{"line":157,"column":44}},"59":{"start":{"line":158,"column":4},"end":{"line":158,"column":63}},"60":{"start":{"line":162,"column":0},"end":{"line":162,"column":24}}},"fnMap":{"0":{"name":"(anonymous_0)","decl":{"start":{"line":8,"column":19},"end":{"line":8,"column":20}},"loc":{"start":{"line":8,"column":49},"end":{"line":17,"column":1}},"line":8},"1":{"name":"(anonymous_1)","decl":{"start":{"line":21,"column":25},"end":{"line":21,"column":26}},"loc":{"start":{"line":21,"column":45},"end":{"line":45,"column":1}},"line":21},"2":{"name":"(anonymous_2)","decl":{"start":{"line":49,"column":7},"end":{"line":49,"column":8}},"loc":{"start":{"line":49,"column":21},"end":{"line":51,"column":3}},"line":49},"3":{"name":"(anonymous_3)","decl":{"start":{"line":52,"column":10},"end":{"line":52,"column":11}},"loc":{"start":{"line":52,"column":30},"end":{"line":60,"column":3}},"line":52},"4":{"name":"(anonymous_4)","decl":{"start":{"line":64,"column":23},"end":{"line":64,"column":24}},"loc":{"start":{"line":64,"column":43},"end":{"line":115,"column":1}},"line":64},"5":{"name":"(anonymous_5)","decl":{"start":{"line":68,"column":52},"end":{"line":68,"column":53}},"loc":{"start":{"line":68,"column":57},"end":{"line":68,"column":72}},"line":68},"6":{"name":"(anonymous_6)","decl":{"start":{"line":100,"column":17},"end":{"line":100,"column":18}},"loc":{"start":{"line":100,"column":24},"end":{"line":106,"column":5}},"line":100},"7":{"name":"(anonymous_7)","decl":{"start":{"line":101,"column":28},"end":{"line":101,"column":29}},"loc":{"start":{"line":101,"column":33},"end":{"line":105,"column":7}},"line":101},"8":{"name":"(anonymous_8)","decl":{"start":{"line":108,"column":11},"end":{"line":108,"column":12}},"loc":{"start":{"line":108,"column":35},"end":{"line":108,"column":54}},"line":108},"9":{"name":"(anonymous_9)","decl":{"start":{"line":119,"column":22},"end":{"line":119,"column":23}},"loc":{"start":{"line":119,"column":42},"end":{"line":160,"column":1}},"line":119}},"branchMap":{"0":{"loc":{"start":{"line":11,"column":4},"end":{"line":11,"column":78}},"type":"if","locations":[{"start":{"line":11,"column":4},"end":{"line":11,"column":78}},{"start":{},"end":{}}],"line":11},"1":{"loc":{"start":{"line":23,"column":30},"end":{"line":23,"column":64}},"type":"binary-expr","locations":[{"start":{"line":23,"column":30},"end":{"line":23,"column":58}},{"start":{"line":23,"column":63},"end":{"line":23,"column":64}}],"line":23},"2":{"loc":{"start":{"line":24,"column":43},"end":{"line":24,"column":78}},"type":"binary-expr","locations":[{"start":{"line":24,"column":43},"end":{"line":24,"column":72}},{"start":{"line":24,"column":76},"end":{"line":24,"column":78}}],"line":24},"3":{"loc":{"start":{"line":67,"column":4},"end":{"line":73,"column":5}},"type":"if","locations":[{"start":{"line":67,"column":4},"end":{"line":73,"column":5}},{"start":{},"end":{}}],"line":67},"4":{"loc":{"start":{"line":67,"column":8},"end":{"line":67,"column":52}},"type":"binary-expr","locations":[{"start":{"line":67,"column":8},"end":{"line":67,"column":23}},{"start":{"line":67,"column":27},"end":{"line":67,"column":52}}],"line":67},"5":{"loc":{"start":{"line":102,"column":8},"end":{"line":102,"column":41}},"type":"if","locations":[{"start":{"line":102,"column":8},"end":{"line":102,"column":41}},{"start":{},"end":{}}],"line":102},"6":{"loc":{"start":{"line":103,"column":30},"end":{"line":103,"column":55}},"type":"binary-expr","locations":[{"start":{"line":103,"column":30},"end":{"line":103,"column":49}},{"start":{"line":103,"column":53},"end":{"line":103,"column":55}}],"line":103}},"s":{"0":3,"1":3,"2":3,"3":3,"4":3,"5":9,"6":9,"7":3,"8":1,"9":2,"10":2,"11":6,"12":3,"13":7,"14":7,"15":7,"16":7,"17":7,"18":7,"19":7,"20":6,"21":1,"22":1,"23":3,"24":1,"25":1,"26":1,"27":1,"28":0,"29":0,"30":3,"31":2,"32":2,"33":2,"34":1,"35":2,"36":1,"37":2,"38":2,"39":2,"40":2,"41":2,"42":2,"43":2,"44":4,"45":2,"46":2,"47":2,"48":2,"49":2,"50":2,"51":0,"52":0,"53":3,"54":1,"55":1,"56":1,"57":1,"58":0,"59":0,"60":3},"f":{"0":9,"1":7,"2":1,"3":1,"4":2,"5":2,"6":2,"7":4,"8":2,"9":1},"b":{"0":[1,2],"1":[7,3],"2":[7,3],"3":[1,1],"4":[2,1],"5":[2,2],"6":[2,2]},"_coverageSchema":"1a1c01bbd47fc00a2c39e90264f33305004495a9","hash":"1e3bba75a93dd175a6e1e4fcb3d79e08eba010e3"}
,"/Users/ririnator/Desktop/FAF/backend/routes/formRoutes.js": {"path":"/Users/ririnator/Desktop/FAF/backend/routes/formRoutes.js","statementMap":{"0":{"start":{"line":1,"column":16},"end":{"line":1,"column":34}},"1":{"start":{"line":2,"column":15},"end":{"line":2,"column":31}},"2":{"start":{"line":3,"column":17},"end":{"line":3,"column":46}},"3":{"start":{"line":5,"column":0},"end":{"line":22,"column":3}},"4":{"start":{"line":6,"column":2},"end":{"line":21,"column":3}},"5":{"start":{"line":8,"column":32},"end":{"line":8,"column":40}},"6":{"start":{"line":11,"column":24},"end":{"line":14,"column":6}},"7":{"start":{"line":16,"column":4},"end":{"line":16,"column":29}},"8":{"start":{"line":17,"column":4},"end":{"line":17,"column":61}},"9":{"start":{"line":19,"column":4},"end":{"line":19,"column":62}},"10":{"start":{"line":20,"column":4},"end":{"line":20,"column":87}},"11":{"start":{"line":24,"column":0},"end":{"line":24,"column":24}}},"fnMap":{"0":{"name":"(anonymous_0)","decl":{"start":{"line":5,"column":25},"end":{"line":5,"column":26}},"loc":{"start":{"line":5,"column":45},"end":{"line":22,"column":1}},"line":5}},"branchMap":{},"s":{"0":0,"1":0,"2":0,"3":0,"4":0,"5":0,"6":0,"7":0,"8":0,"9":0,"10":0,"11":0},"f":{"0":0},"b":{}}
,"/Users/ririnator/Desktop/FAF/backend/routes/responseRoutes.js": {"path":"/Users/ririnator/Desktop/FAF/backend/routes/responseRoutes.js","statementMap":{"0":{"start":{"line":3,"column":16},"end":{"line":3,"column":34}},"1":{"start":{"line":4,"column":15},"end":{"line":4,"column":32}},"2":{"start":{"line":5,"column":35},"end":{"line":5,"column":63}},"3":{"start":{"line":6,"column":15},"end":{"line":6,"column":31}},"4":{"start":{"line":8,"column":17},"end":{"line":8,"column":46}},"5":{"start":{"line":11,"column":0},"end":{"line":86,"column":2}},"6":{"start":{"line":36,"column":19},"end":{"line":36,"column":40}},"7":{"start":{"line":37,"column":4},"end":{"line":40,"column":5}},"8":{"start":{"line":38,"column":25},"end":{"line":38,"column":42}},"9":{"start":{"line":39,"column":6},"end":{"line":39,"column":63}},"10":{"start":{"line":43,"column":32},"end":{"line":43,"column":40}},"11":{"start":{"line":44,"column":18},"end":{"line":44,"column":54}},"12":{"start":{"line":45,"column":20},"end":{"line":45,"column":92}},"13":{"start":{"line":47,"column":18},"end":{"line":49,"column":44}},"14":{"start":{"line":52,"column":2},"end":{"line":59,"column":3}},"15":{"start":{"line":53,"column":22},"end":{"line":53,"column":69}},"16":{"start":{"line":54,"column":6},"end":{"line":58,"column":7}},"17":{"start":{"line":55,"column":8},"end":{"line":57,"column":11}},"18":{"start":{"line":61,"column":4},"end":{"line":84,"column":5}},"19":{"start":{"line":63,"column":26},"end":{"line":69,"column":8}},"20":{"start":{"line":70,"column":6},"end":{"line":70,"column":31}},"21":{"start":{"line":73,"column":19},"end":{"line":75,"column":14}},"22":{"start":{"line":77,"column":6},"end":{"line":80,"column":9}},"23":{"start":{"line":82,"column":6},"end":{"line":82,"column":64}},"24":{"start":{"line":83,"column":6},"end":{"line":83,"column":84}},"25":{"start":{"line":88,"column":0},"end":{"line":88,"column":24}}},"fnMap":{"0":{"name":"(anonymous_0)","decl":{"start":{"line":34,"column":2},"end":{"line":34,"column":3}},"loc":{"start":{"line":34,"column":22},"end":{"line":85,"column":3}},"line":34}},"branchMap":{"0":{"loc":{"start":{"line":37,"column":4},"end":{"line":40,"column":5}},"type":"if","locations":[{"start":{"line":37,"column":4},"end":{"line":40,"column":5}},{"start":{},"end":{}}],"line":37},"1":{"loc":{"start":{"line":47,"column":18},"end":{"line":49,"column":44}},"type":"cond-expr","locations":[{"start":{"line":48,"column":6},"end":{"line":48,"column":15}},{"start":{"line":49,"column":6},"end":{"line":49,"column":44}}],"line":47},"2":{"loc":{"start":{"line":52,"column":2},"end":{"line":59,"column":3}},"type":"if","locations":[{"start":{"line":52,"column":2},"end":{"line":59,"column":3}},{"start":{},"end":{}}],"line":52},"3":{"loc":{"start":{"line":54,"column":6},"end":{"line":58,"column":7}},"type":"if","locations":[{"start":{"line":54,"column":6},"end":{"line":58,"column":7}},{"start":{},"end":{}}],"line":54},"4":{"loc":{"start":{"line":73,"column":19},"end":{"line":75,"column":14}},"type":"cond-expr","locations":[{"start":{"line":74,"column":10},"end":{"line":74,"column":53}},{"start":{"line":75,"column":10},"end":{"line":75,"column":14}}],"line":73}},"s":{"0":3,"1":3,"2":3,"3":3,"4":3,"5":3,"6":22,"7":22,"8":4,"9":4,"10":18,"11":18,"12":18,"13":18,"14":18,"15":2,"16":2,"17":1,"18":17,"19":17,"20":17,"21":15,"22":15,"23":2,"24":2,"25":3},"f":{"0":22},"b":{"0":[4,18],"1":[2,16],"2":[2,16],"3":[1,1],"4":[14,1]},"_coverageSchema":"1a1c01bbd47fc00a2c39e90264f33305004495a9","hash":"17c8659aa41ef30a8fe91131c8717ec7f7af263b"}
,"/Users/ririnator/Desktop/FAF/backend/routes/upload.js": {"path":"/Users/ririnator/Desktop/FAF/backend/routes/upload.js","statementMap":{"0":{"start":{"line":2,"column":30},"end":{"line":2,"column":48}},"1":{"start":{"line":3,"column":30},"end":{"line":3,"column":47}},"2":{"start":{"line":4,"column":30},"end":{"line":4,"column":66}},"3":{"start":{"line":5,"column":30},"end":{"line":5,"column":61}},"4":{"start":{"line":6,"column":30},"end":{"line":6,"column":46}},"5":{"start":{"line":9,"column":16},"end":{"line":16,"column":2}},"6":{"start":{"line":14,"column":6},"end":{"line":14,"column":63}},"7":{"start":{"line":19,"column":15},"end":{"line":21,"column":2}},"8":{"start":{"line":24,"column":0},"end":{"line":35,"column":5}},"9":{"start":{"line":25,"column":4},"end":{"line":34,"column":7}},"10":{"start":{"line":26,"column":6},"end":{"line":29,"column":7}},"11":{"start":{"line":27,"column":8},"end":{"line":27,"column":59}},"12":{"start":{"line":28,"column":8},"end":{"line":28,"column":87}},"13":{"start":{"line":30,"column":6},"end":{"line":32,"column":7}},"14":{"start":{"line":31,"column":8},"end":{"line":31,"column":71}},"15":{"start":{"line":33,"column":6},"end":{"line":33,"column":39}},"16":{"start":{"line":37,"column":0},"end":{"line":37,"column":24}}},"fnMap":{"0":{"name":"(anonymous_0)","decl":{"start":{"line":13,"column":15},"end":{"line":13,"column":16}},"loc":{"start":{"line":14,"column":6},"end":{"line":14,"column":63}},"line":14},"1":{"name":"(anonymous_1)","decl":{"start":{"line":24,"column":17},"end":{"line":24,"column":18}},"loc":{"start":{"line":24,"column":31},"end":{"line":35,"column":3}},"line":24},"2":{"name":"(anonymous_2)","decl":{"start":{"line":25,"column":37},"end":{"line":25,"column":38}},"loc":{"start":{"line":25,"column":44},"end":{"line":34,"column":5}},"line":25}},"branchMap":{"0":{"loc":{"start":{"line":26,"column":6},"end":{"line":29,"column":7}},"type":"if","locations":[{"start":{"line":26,"column":6},"end":{"line":29,"column":7}},{"start":{},"end":{}}],"line":26},"1":{"loc":{"start":{"line":30,"column":6},"end":{"line":32,"column":7}},"type":"if","locations":[{"start":{"line":30,"column":6},"end":{"line":32,"column":7}},{"start":{},"end":{}}],"line":30},"2":{"loc":{"start":{"line":30,"column":10},"end":{"line":30,"column":37}},"type":"binary-expr","locations":[{"start":{"line":30,"column":10},"end":{"line":30,"column":19}},{"start":{"line":30,"column":23},"end":{"line":30,"column":37}}],"line":30}},"s":{"0":2,"1":2,"2":2,"3":2,"4":2,"5":2,"6":1,"7":2,"8":2,"9":8,"10":5,"11":3,"12":3,"13":2,"14":2,"15":0,"16":2},"f":{"0":1,"1":8,"2":5},"b":{"0":[3,2],"1":[2,0],"2":[2,0]},"_coverageSchema":"1a1c01bbd47fc00a2c39e90264f33305004495a9","hash":"7dd90b34081d248d9bdb6d7bc6781fc47516813f"}
}
