{"/Users/ririnator/Desktop/FAF/backend/config/cloudinary.js": {"path":"/Users/ririnator/Desktop/FAF/backend/config/cloudinary.js","statementMap":{"0":{"start":{"line":2,"column":27},"end":{"line":2,"column":48}},"1":{"start":{"line":4,"column":0},"end":{"line":9,"column":3}},"2":{"start":{"line":11,"column":0},"end":{"line":11,"column":28}}},"fnMap":{},"branchMap":{},"s":{"0":0,"1":0,"2":0},"f":{},"b":{}}
,"/Users/ririnator/Desktop/FAF/backend/config/cors.js": {"path":"/Users/ririnator/Desktop/FAF/backend/config/cors.js","statementMap":{"0":{"start":{"line":1,"column":13},"end":{"line":1,"column":28}},"1":{"start":{"line":5,"column":20},"end":{"line":8,"column":21}},"2":{"start":{"line":10,"column":4},"end":{"line":13,"column":5}},"3":{"start":{"line":11,"column":6},"end":{"line":11,"column":94}},"4":{"start":{"line":12,"column":6},"end":{"line":12,"column":39}},"5":{"start":{"line":15,"column":4},"end":{"line":15,"column":19}},"6":{"start":{"line":19,"column":4},"end":{"line":32,"column":6}},"7":{"start":{"line":36,"column":4},"end":{"line":36,"column":34}},"8":{"start":{"line":40,"column":4},"end":{"line":40,"column":74}},"9":{"start":{"line":44,"column":0},"end":{"line":44,"column":28}}},"fnMap":{"0":{"name":"(anonymous_0)","decl":{"start":{"line":4,"column":2},"end":{"line":4,"column":3}},"loc":{"start":{"line":4,"column":29},"end":{"line":16,"column":3}},"line":4},"1":{"name":"(anonymous_1)","decl":{"start":{"line":18,"column":2},"end":{"line":18,"column":3}},"loc":{"start":{"line":18,"column":21},"end":{"line":33,"column":3}},"line":18},"2":{"name":"(anonymous_2)","decl":{"start":{"line":35,"column":2},"end":{"line":35,"column":3}},"loc":{"start":{"line":35,"column":22},"end":{"line":37,"column":3}},"line":35},"3":{"name":"(anonymous_3)","decl":{"start":{"line":39,"column":2},"end":{"line":39,"column":3}},"loc":{"start":{"line":39,"column":21},"end":{"line":41,"column":3}},"line":39}},"branchMap":{"0":{"loc":{"start":{"line":10,"column":4},"end":{"line":13,"column":5}},"type":"if","locations":[{"start":{"line":10,"column":4},"end":{"line":13,"column":5}},{"start":{},"end":{}}],"line":10}},"s":{"0":0,"1":0,"2":0,"3":0,"4":0,"5":0,"6":0,"7":0,"8":0,"9":0},"f":{"0":0,"1":0,"2":0,"3":0},"b":{"0":[0,0]}}
,"/Users/ririnator/Desktop/FAF/backend/config/database.js": {"path":"/Users/ririnator/Desktop/FAF/backend/config/database.js","statementMap":{"0":{"start":{"line":1,"column":17},"end":{"line":1,"column":36}},"1":{"start":{"line":5,"column":4},"end":{"line":23,"column":5}},"2":{"start":{"line":6,"column":25},"end":{"line":9,"column":8}},"3":{"start":{"line":11,"column":6},"end":{"line":11,"column":53}},"4":{"start":{"line":14,"column":6},"end":{"line":14,"column":33}},"5":{"start":{"line":17,"column":6},"end":{"line":17,"column":35}},"6":{"start":{"line":19,"column":6},"end":{"line":19,"column":24}},"7":{"start":{"line":21,"column":6},"end":{"line":21,"column":60}},"8":{"start":{"line":22,"column":6},"end":{"line":22,"column":22}},"9":{"start":{"line":27,"column":4},"end":{"line":49,"column":5}},"10":{"start":{"line":28,"column":17},"end":{"line":28,"column":39}},"11":{"start":{"line":31,"column":6},"end":{"line":31,"column":70}},"12":{"start":{"line":34,"column":6},"end":{"line":37,"column":9}},"13":{"start":{"line":40,"column":6},"end":{"line":44,"column":9}},"14":{"start":{"line":46,"column":6},"end":{"line":46,"column":43}},"15":{"start":{"line":48,"column":6},"end":{"line":48,"column":58}},"16":{"start":{"line":53,"column":4},"end":{"line":55,"column":7}},"17":{"start":{"line":54,"column":6},"end":{"line":54,"column":52}},"18":{"start":{"line":57,"column":4},"end":{"line":59,"column":7}},"19":{"start":{"line":58,"column":6},"end":{"line":58,"column":46}},"20":{"start":{"line":61,"column":4},"end":{"line":63,"column":7}},"21":{"start":{"line":62,"column":6},"end":{"line":62,"column":55}},"22":{"start":{"line":66,"column":4},"end":{"line":70,"column":7}},"23":{"start":{"line":67,"column":6},"end":{"line":67,"column":40}},"24":{"start":{"line":68,"column":6},"end":{"line":68,"column":49}},"25":{"start":{"line":69,"column":6},"end":{"line":69,"column":22}},"26":{"start":{"line":74,"column":4},"end":{"line":74,"column":48}},"27":{"start":{"line":78,"column":0},"end":{"line":78,"column":32}}},"fnMap":{"0":{"name":"(anonymous_0)","decl":{"start":{"line":4,"column":2},"end":{"line":4,"column":3}},"loc":{"start":{"line":4,"column":25},"end":{"line":24,"column":3}},"line":4},"1":{"name":"(anonymous_1)","decl":{"start":{"line":26,"column":2},"end":{"line":26,"column":3}},"loc":{"start":{"line":26,"column":31},"end":{"line":50,"column":3}},"line":26},"2":{"name":"(anonymous_2)","decl":{"start":{"line":52,"column":2},"end":{"line":52,"column":3}},"loc":{"start":{"line":52,"column":33},"end":{"line":71,"column":3}},"line":52},"3":{"name":"(anonymous_3)","decl":{"start":{"line":53,"column":40},"end":{"line":53,"column":41}},"loc":{"start":{"line":53,"column":46},"end":{"line":55,"column":5}},"line":53},"4":{"name":"(anonymous_4)","decl":{"start":{"line":57,"column":36},"end":{"line":57,"column":37}},"loc":{"start":{"line":57,"column":45},"end":{"line":59,"column":5}},"line":57},"5":{"name":"(anonymous_5)","decl":{"start":{"line":61,"column":43},"end":{"line":61,"column":44}},"loc":{"start":{"line":61,"column":49},"end":{"line":63,"column":5}},"line":61},"6":{"name":"(anonymous_6)","decl":{"start":{"line":66,"column":25},"end":{"line":66,"column":26}},"loc":{"start":{"line":66,"column":37},"end":{"line":70,"column":5}},"line":66},"7":{"name":"(anonymous_7)","decl":{"start":{"line":73,"column":2},"end":{"line":73,"column":3}},"loc":{"start":{"line":73,"column":23},"end":{"line":75,"column":3}},"line":73}},"branchMap":{},"s":{"0":0,"1":0,"2":0,"3":0,"4":0,"5":0,"6":0,"7":0,"8":0,"9":0,"10":0,"11":0,"12":0,"13":0,"14":0,"15":0,"16":0,"17":0,"18":0,"19":0,"20":0,"21":0,"22":0,"23":0,"24":0,"25":0,"26":0,"27":0},"f":{"0":0,"1":0,"2":0,"3":0,"4":0,"5":0,"6":0,"7":0},"b":{}}
,"/Users/ririnator/Desktop/FAF/backend/config/environment.js": {"path":"/Users/ririnator/Desktop/FAF/backend/config/environment.js","statementMap":{"0":{"start":{"line":2,"column":24},"end":{"line":9,"column":3}},"1":{"start":{"line":11,"column":24},"end":{"line":17,"column":3}},"2":{"start":{"line":20,"column":20},"end":{"line":20,"column":22}},"3":{"start":{"line":21,"column":21},"end":{"line":21,"column":23}},"4":{"start":{"line":24,"column":4},"end":{"line":28,"column":7}},"5":{"start":{"line":25,"column":6},"end":{"line":27,"column":7}},"6":{"start":{"line":26,"column":8},"end":{"line":26,"column":30}},"7":{"start":{"line":31,"column":4},"end":{"line":35,"column":7}},"8":{"start":{"line":32,"column":6},"end":{"line":34,"column":7}},"9":{"start":{"line":33,"column":8},"end":{"line":33,"column":31}},"10":{"start":{"line":37,"column":4},"end":{"line":40,"column":5}},"11":{"start":{"line":38,"column":6},"end":{"line":38,"column":73}},"12":{"start":{"line":39,"column":6},"end":{"line":39,"column":94}},"13":{"start":{"line":42,"column":4},"end":{"line":44,"column":5}},"14":{"start":{"line":43,"column":6},"end":{"line":43,"column":88}},"15":{"start":{"line":46,"column":4},"end":{"line":46,"column":57}},"16":{"start":{"line":47,"column":4},"end":{"line":47,"column":16}},"17":{"start":{"line":51,"column":4},"end":{"line":74,"column":6}},"18":{"start":{"line":78,"column":4},"end":{"line":78,"column":49}},"19":{"start":{"line":82,"column":4},"end":{"line":82,"column":49}},"20":{"start":{"line":86,"column":19},"end":{"line":86,"column":35}},"21":{"start":{"line":87,"column":4},"end":{"line":87,"column":55}},"22":{"start":{"line":88,"column":4},"end":{"line":88,"column":43}},"23":{"start":{"line":89,"column":4},"end":{"line":89,"column":58}},"24":{"start":{"line":93,"column":0},"end":{"line":93,"column":35}}},"fnMap":{"0":{"name":"(anonymous_0)","decl":{"start":{"line":19,"column":2},"end":{"line":19,"column":3}},"loc":{"start":{"line":19,"column":20},"end":{"line":48,"column":3}},"line":19},"1":{"name":"(anonymous_1)","decl":{"start":{"line":24,"column":30},"end":{"line":24,"column":31}},"loc":{"start":{"line":24,"column":41},"end":{"line":28,"column":5}},"line":24},"2":{"name":"(anonymous_2)","decl":{"start":{"line":31,"column":30},"end":{"line":31,"column":31}},"loc":{"start":{"line":31,"column":41},"end":{"line":35,"column":5}},"line":31},"3":{"name":"(anonymous_3)","decl":{"start":{"line":50,"column":2},"end":{"line":50,"column":3}},"loc":{"start":{"line":50,"column":21},"end":{"line":75,"column":3}},"line":50},"4":{"name":"(anonymous_4)","decl":{"start":{"line":77,"column":2},"end":{"line":77,"column":3}},"loc":{"start":{"line":77,"column":25},"end":{"line":79,"column":3}},"line":77},"5":{"name":"(anonymous_5)","decl":{"start":{"line":81,"column":2},"end":{"line":81,"column":3}},"loc":{"start":{"line":81,"column":24},"end":{"line":83,"column":3}},"line":81},"6":{"name":"(anonymous_6)","decl":{"start":{"line":85,"column":2},"end":{"line":85,"column":3}},"loc":{"start":{"line":85,"column":26},"end":{"line":90,"column":3}},"line":85}},"branchMap":{"0":{"loc":{"start":{"line":25,"column":6},"end":{"line":27,"column":7}},"type":"if","locations":[{"start":{"line":25,"column":6},"end":{"line":27,"column":7}},{"start":{},"end":{}}],"line":25},"1":{"loc":{"start":{"line":32,"column":6},"end":{"line":34,"column":7}},"type":"if","locations":[{"start":{"line":32,"column":6},"end":{"line":34,"column":7}},{"start":{},"end":{}}],"line":32},"2":{"loc":{"start":{"line":37,"column":4},"end":{"line":40,"column":5}},"type":"if","locations":[{"start":{"line":37,"column":4},"end":{"line":40,"column":5}},{"start":{},"end":{}}],"line":37},"3":{"loc":{"start":{"line":42,"column":4},"end":{"line":44,"column":5}},"type":"if","locations":[{"start":{"line":42,"column":4},"end":{"line":44,"column":5}},{"start":{},"end":{}}],"line":42},"4":{"loc":{"start":{"line":52,"column":12},"end":{"line":52,"column":36}},"type":"binary-expr","locations":[{"start":{"line":52,"column":12},"end":{"line":52,"column":28}},{"start":{"line":52,"column":32},"end":{"line":52,"column":36}}],"line":52},"5":{"loc":{"start":{"line":53,"column":15},"end":{"line":53,"column":52}},"type":"binary-expr","locations":[{"start":{"line":53,"column":15},"end":{"line":53,"column":35}},{"start":{"line":53,"column":39},"end":{"line":53,"column":52}}],"line":53}},"s":{"0":0,"1":0,"2":0,"3":0,"4":0,"5":0,"6":0,"7":0,"8":0,"9":0,"10":0,"11":0,"12":0,"13":0,"14":0,"15":0,"16":0,"17":0,"18":0,"19":0,"20":0,"21":0,"22":0,"23":0,"24":0},"f":{"0":0,"1":0,"2":0,"3":0,"4":0,"5":0,"6":0},"b":{"0":[0,0],"1":[0,0],"2":[0,0],"3":[0,0],"4":[0,0],"5":[0,0]}}
,"/Users/ririnator/Desktop/FAF/backend/config/session.js": {"path":"/Users/ririnator/Desktop/FAF/backend/config/session.js","statementMap":{"0":{"start":{"line":1,"column":16},"end":{"line":1,"column":42}},"1":{"start":{"line":2,"column":19},"end":{"line":2,"column":43}},"2":{"start":{"line":6,"column":4},"end":{"line":8,"column":5}},"3":{"start":{"line":7,"column":6},"end":{"line":7,"column":85}},"4":{"start":{"line":10,"column":4},"end":{"line":12,"column":5}},"5":{"start":{"line":11,"column":6},"end":{"line":11,"column":72}},"6":{"start":{"line":14,"column":4},"end":{"line":32,"column":6}},"7":{"start":{"line":36,"column":4},"end":{"line":36,"column":37}},"8":{"start":{"line":40,"column":0},"end":{"line":40,"column":31}}},"fnMap":{"0":{"name":"(anonymous_0)","decl":{"start":{"line":5,"column":2},"end":{"line":5,"column":3}},"loc":{"start":{"line":5,"column":21},"end":{"line":33,"column":3}},"line":5},"1":{"name":"(anonymous_1)","decl":{"start":{"line":35,"column":2},"end":{"line":35,"column":3}},"loc":{"start":{"line":35,"column":22},"end":{"line":37,"column":3}},"line":35}},"branchMap":{"0":{"loc":{"start":{"line":6,"column":4},"end":{"line":8,"column":5}},"type":"if","locations":[{"start":{"line":6,"column":4},"end":{"line":8,"column":5}},{"start":{},"end":{}}],"line":6},"1":{"loc":{"start":{"line":10,"column":4},"end":{"line":12,"column":5}},"type":"if","locations":[{"start":{"line":10,"column":4},"end":{"line":12,"column":5}},{"start":{},"end":{}}],"line":10},"2":{"loc":{"start":{"line":27,"column":18},"end":{"line":27,"column":72}},"type":"cond-expr","locations":[{"start":{"line":27,"column":58},"end":{"line":27,"column":64}},{"start":{"line":27,"column":67},"end":{"line":27,"column":72}}],"line":27}},"s":{"0":0,"1":0,"2":0,"3":0,"4":0,"5":0,"6":0,"7":0,"8":0},"f":{"0":0,"1":0},"b":{"0":[0,0],"1":[0,0],"2":[0,0]}}
,"/Users/ririnator/Desktop/FAF/backend/models/Response.js": {"path":"/Users/ririnator/Desktop/FAF/backend/models/Response.js","statementMap":{"0":{"start":{"line":1,"column":17},"end":{"line":1,"column":36}},"1":{"start":{"line":2,"column":15},"end":{"line":2,"column":30}},"2":{"start":{"line":4,"column":23},"end":{"line":16,"column":2}},"3":{"start":{"line":18,"column":0},"end":{"line":24,"column":2}},"4":{"start":{"line":26,"column":0},"end":{"line":26,"column":60}}},"fnMap":{},"branchMap":{},"s":{"0":0,"1":0,"2":0,"3":0,"4":0},"f":{},"b":{}}
,"/Users/ririnator/Desktop/FAF/backend/routes/adminRoutes.js": {"path":"/Users/ririnator/Desktop/FAF/backend/routes/adminRoutes.js","statementMap":{"0":{"start":{"line":2,"column":17},"end":{"line":2,"column":35}},"1":{"start":{"line":3,"column":17},"end":{"line":3,"column":36}},"2":{"start":{"line":4,"column":17},"end":{"line":4,"column":33}},"3":{"start":{"line":5,"column":17},"end":{"line":5,"column":46}},"4":{"start":{"line":8,"column":0},"end":{"line":17,"column":3}},"5":{"start":{"line":9,"column":2},"end":{"line":16,"column":3}},"6":{"start":{"line":10,"column":16},"end":{"line":10,"column":43}},"7":{"start":{"line":11,"column":4},"end":{"line":11,"column":78}},"8":{"start":{"line":11,"column":14},"end":{"line":11,"column":78}},"9":{"start":{"line":12,"column":4},"end":{"line":12,"column":26}},"10":{"start":{"line":13,"column":4},"end":{"line":13,"column":11}},"11":{"start":{"line":15,"column":4},"end":{"line":15,"column":14}},"12":{"start":{"line":21,"column":0},"end":{"line":45,"column":3}},"13":{"start":{"line":22,"column":2},"end":{"line":44,"column":3}},"14":{"start":{"line":23,"column":18},"end":{"line":23,"column":65}},"15":{"start":{"line":24,"column":18},"end":{"line":24,"column":80}},"16":{"start":{"line":25,"column":18},"end":{"line":25,"column":36}},"17":{"start":{"line":27,"column":23},"end":{"line":27,"column":54}},"18":{"start":{"line":28,"column":23},"end":{"line":28,"column":52}},"19":{"start":{"line":30,"column":17},"end":{"line":35,"column":13}},"20":{"start":{"line":37,"column":4},"end":{"line":40,"column":7}},"21":{"start":{"line":42,"column":4},"end":{"line":42,"column":59}},"22":{"start":{"line":43,"column":4},"end":{"line":43,"column":67}},"23":{"start":{"line":48,"column":0},"end":{"line":60,"column":5}},"24":{"start":{"line":50,"column":4},"end":{"line":50,"column":30}},"25":{"start":{"line":53,"column":4},"end":{"line":59,"column":5}},"26":{"start":{"line":54,"column":6},"end":{"line":54,"column":40}},"27":{"start":{"line":55,"column":6},"end":{"line":55,"column":61}},"28":{"start":{"line":57,"column":6},"end":{"line":57,"column":66}},"29":{"start":{"line":58,"column":6},"end":{"line":58,"column":70}},"30":{"start":{"line":64,"column":0},"end":{"line":115,"column":3}},"31":{"start":{"line":65,"column":2},"end":{"line":114,"column":3}},"32":{"start":{"line":66,"column":18},"end":{"line":66,"column":20}},"33":{"start":{"line":67,"column":4},"end":{"line":73,"column":5}},"34":{"start":{"line":68,"column":21},"end":{"line":68,"column":73}},"35":{"start":{"line":68,"column":57},"end":{"line":68,"column":72}},"36":{"start":{"line":69,"column":6},"end":{"line":72,"column":8}},"37":{"start":{"line":75,"column":18},"end":{"line":75,"column":46}},"38":{"start":{"line":76,"column":24},"end":{"line":89,"column":5}},"39":{"start":{"line":90,"column":23},"end":{"line":93,"column":16}},"40":{"start":{"line":95,"column":17},"end":{"line":97,"column":13}},"41":{"start":{"line":99,"column":20},"end":{"line":99,"column":22}},"42":{"start":{"line":100,"column":4},"end":{"line":106,"column":7}},"43":{"start":{"line":101,"column":6},"end":{"line":105,"column":9}},"44":{"start":{"line":102,"column":8},"end":{"line":102,"column":41}},"45":{"start":{"line":102,"column":34},"end":{"line":102,"column":41}},"46":{"start":{"line":103,"column":8},"end":{"line":103,"column":56}},"47":{"start":{"line":104,"column":8},"end":{"line":104,"column":71}},"48":{"start":{"line":107,"column":24},"end":{"line":108,"column":56}},"49":{"start":{"line":108,"column":35},"end":{"line":108,"column":54}},"50":{"start":{"line":110,"column":4},"end":{"line":110,"column":48}},"51":{"start":{"line":112,"column":4},"end":{"line":112,"column":45}},"52":{"start":{"line":113,"column":4},"end":{"line":113,"column":64}},"53":{"start":{"line":119,"column":0},"end":{"line":160,"column":3}},"54":{"start":{"line":120,"column":2},"end":{"line":159,"column":3}},"55":{"start":{"line":121,"column":21},"end":{"line":148,"column":5}},"56":{"start":{"line":150,"column":19},"end":{"line":153,"column":16}},"57":{"start":{"line":155,"column":4},"end":{"line":155,"column":21}},"58":{"start":{"line":157,"column":4},"end":{"line":157,"column":44}},"59":{"start":{"line":158,"column":4},"end":{"line":158,"column":63}},"60":{"start":{"line":162,"column":0},"end":{"line":162,"column":24}}},"fnMap":{"0":{"name":"(anonymous_0)","decl":{"start":{"line":8,"column":19},"end":{"line":8,"column":20}},"loc":{"start":{"line":8,"column":49},"end":{"line":17,"column":1}},"line":8},"1":{"name":"(anonymous_1)","decl":{"start":{"line":21,"column":25},"end":{"line":21,"column":26}},"loc":{"start":{"line":21,"column":45},"end":{"line":45,"column":1}},"line":21},"2":{"name":"(anonymous_2)","decl":{"start":{"line":49,"column":7},"end":{"line":49,"column":8}},"loc":{"start":{"line":49,"column":21},"end":{"line":51,"column":3}},"line":49},"3":{"name":"(anonymous_3)","decl":{"start":{"line":52,"column":10},"end":{"line":52,"column":11}},"loc":{"start":{"line":52,"column":30},"end":{"line":60,"column":3}},"line":52},"4":{"name":"(anonymous_4)","decl":{"start":{"line":64,"column":23},"end":{"line":64,"column":24}},"loc":{"start":{"line":64,"column":43},"end":{"line":115,"column":1}},"line":64},"5":{"name":"(anonymous_5)","decl":{"start":{"line":68,"column":52},"end":{"line":68,"column":53}},"loc":{"start":{"line":68,"column":57},"end":{"line":68,"column":72}},"line":68},"6":{"name":"(anonymous_6)","decl":{"start":{"line":100,"column":17},"end":{"line":100,"column":18}},"loc":{"start":{"line":100,"column":24},"end":{"line":106,"column":5}},"line":100},"7":{"name":"(anonymous_7)","decl":{"start":{"line":101,"column":28},"end":{"line":101,"column":29}},"loc":{"start":{"line":101,"column":33},"end":{"line":105,"column":7}},"line":101},"8":{"name":"(anonymous_8)","decl":{"start":{"line":108,"column":11},"end":{"line":108,"column":12}},"loc":{"start":{"line":108,"column":35},"end":{"line":108,"column":54}},"line":108},"9":{"name":"(anonymous_9)","decl":{"start":{"line":119,"column":22},"end":{"line":119,"column":23}},"loc":{"start":{"line":119,"column":42},"end":{"line":160,"column":1}},"line":119}},"branchMap":{"0":{"loc":{"start":{"line":11,"column":4},"end":{"line":11,"column":78}},"type":"if","locations":[{"start":{"line":11,"column":4},"end":{"line":11,"column":78}},{"start":{},"end":{}}],"line":11},"1":{"loc":{"start":{"line":23,"column":30},"end":{"line":23,"column":64}},"type":"binary-expr","locations":[{"start":{"line":23,"column":30},"end":{"line":23,"column":58}},{"start":{"line":23,"column":63},"end":{"line":23,"column":64}}],"line":23},"2":{"loc":{"start":{"line":24,"column":43},"end":{"line":24,"column":78}},"type":"binary-expr","locations":[{"start":{"line":24,"column":43},"end":{"line":24,"column":72}},{"start":{"line":24,"column":76},"end":{"line":24,"column":78}}],"line":24},"3":{"loc":{"start":{"line":67,"column":4},"end":{"line":73,"column":5}},"type":"if","locations":[{"start":{"line":67,"column":4},"end":{"line":73,"column":5}},{"start":{},"end":{}}],"line":67},"4":{"loc":{"start":{"line":67,"column":8},"end":{"line":67,"column":52}},"type":"binary-expr","locations":[{"start":{"line":67,"column":8},"end":{"line":67,"column":23}},{"start":{"line":67,"column":27},"end":{"line":67,"column":52}}],"line":67},"5":{"loc":{"start":{"line":102,"column":8},"end":{"line":102,"column":41}},"type":"if","locations":[{"start":{"line":102,"column":8},"end":{"line":102,"column":41}},{"start":{},"end":{}}],"line":102},"6":{"loc":{"start":{"line":103,"column":30},"end":{"line":103,"column":55}},"type":"binary-expr","locations":[{"start":{"line":103,"column":30},"end":{"line":103,"column":49}},{"start":{"line":103,"column":53},"end":{"line":103,"column":55}}],"line":103}},"s":{"0":0,"1":0,"2":0,"3":0,"4":0,"5":0,"6":0,"7":0,"8":0,"9":0,"10":0,"11":0,"12":0,"13":0,"14":0,"15":0,"16":0,"17":0,"18":0,"19":0,"20":0,"21":0,"22":0,"23":0,"24":0,"25":0,"26":0,"27":0,"28":0,"29":0,"30":0,"31":0,"32":0,"33":0,"34":0,"35":0,"36":0,"37":0,"38":0,"39":0,"40":0,"41":0,"42":0,"43":0,"44":0,"45":0,"46":0,"47":0,"48":0,"49":0,"50":0,"51":0,"52":0,"53":0,"54":0,"55":0,"56":0,"57":0,"58":0,"59":0,"60":0},"f":{"0":0,"1":0,"2":0,"3":0,"4":0,"5":0,"6":0,"7":0,"8":0,"9":0},"b":{"0":[0,0],"1":[0,0],"2":[0,0],"3":[0,0],"4":[0,0],"5":[0,0],"6":[0,0]}}
,"/Users/ririnator/Desktop/FAF/backend/routes/adminRoutes.refactored.js": {"path":"/Users/ririnator/Desktop/FAF/backend/routes/adminRoutes.refactored.js","statementMap":{"0":{"start":{"line":1,"column":16},"end":{"line":1,"column":34}},"1":{"start":{"line":2,"column":15},"end":{"line":2,"column":31}},"2":{"start":{"line":4,"column":24},"end":{"line":4,"column":62}},"3":{"start":{"line":7,"column":0},"end":{"line":21,"column":3}},"4":{"start":{"line":8,"column":2},"end":{"line":20,"column":3}},"5":{"start":{"line":9,"column":17},"end":{"line":9,"column":63}},"6":{"start":{"line":10,"column":18},"end":{"line":10,"column":80}},"7":{"start":{"line":11,"column":19},"end":{"line":11,"column":50}},"8":{"start":{"line":12,"column":22},"end":{"line":12,"column":51}},"9":{"start":{"line":14,"column":19},"end":{"line":14,"column":88}},"10":{"start":{"line":16,"column":4},"end":{"line":16,"column":21}},"11":{"start":{"line":18,"column":4},"end":{"line":18,"column":59}},"12":{"start":{"line":19,"column":4},"end":{"line":19,"column":67}},"13":{"start":{"line":24,"column":0},"end":{"line":35,"column":3}},"14":{"start":{"line":25,"column":2},"end":{"line":34,"column":3}},"15":{"start":{"line":26,"column":21},"end":{"line":26,"column":73}},"16":{"start":{"line":27,"column":4},"end":{"line":29,"column":5}},"17":{"start":{"line":28,"column":6},"end":{"line":28,"column":70}},"18":{"start":{"line":30,"column":4},"end":{"line":30,"column":23}},"19":{"start":{"line":32,"column":4},"end":{"line":32,"column":50}},"20":{"start":{"line":33,"column":4},"end":{"line":33,"column":56}},"21":{"start":{"line":38,"column":0},"end":{"line":49,"column":3}},"22":{"start":{"line":39,"column":2},"end":{"line":48,"column":3}},"23":{"start":{"line":40,"column":20},"end":{"line":40,"column":71}},"24":{"start":{"line":41,"column":4},"end":{"line":43,"column":5}},"25":{"start":{"line":42,"column":6},"end":{"line":42,"column":70}},"26":{"start":{"line":44,"column":4},"end":{"line":44,"column":59}},"27":{"start":{"line":46,"column":4},"end":{"line":46,"column":64}},"28":{"start":{"line":47,"column":4},"end":{"line":47,"column":68}},"29":{"start":{"line":52,"column":0},"end":{"line":60,"column":3}},"30":{"start":{"line":53,"column":2},"end":{"line":59,"column":3}},"31":{"start":{"line":54,"column":19},"end":{"line":54,"column":62}},"32":{"start":{"line":55,"column":4},"end":{"line":55,"column":21}},"33":{"start":{"line":57,"column":4},"end":{"line":57,"column":45}},"34":{"start":{"line":58,"column":4},"end":{"line":58,"column":64}},"35":{"start":{"line":63,"column":0},"end":{"line":71,"column":3}},"36":{"start":{"line":64,"column":2},"end":{"line":70,"column":3}},"37":{"start":{"line":65,"column":19},"end":{"line":65,"column":61}},"38":{"start":{"line":66,"column":4},"end":{"line":66,"column":21}},"39":{"start":{"line":68,"column":4},"end":{"line":68,"column":44}},"40":{"start":{"line":69,"column":4},"end":{"line":69,"column":63}},"41":{"start":{"line":73,"column":0},"end":{"line":73,"column":24}}},"fnMap":{"0":{"name":"(anonymous_0)","decl":{"start":{"line":7,"column":25},"end":{"line":7,"column":26}},"loc":{"start":{"line":7,"column":45},"end":{"line":21,"column":1}},"line":7},"1":{"name":"(anonymous_1)","decl":{"start":{"line":24,"column":29},"end":{"line":24,"column":30}},"loc":{"start":{"line":24,"column":49},"end":{"line":35,"column":1}},"line":24},"2":{"name":"(anonymous_2)","decl":{"start":{"line":38,"column":32},"end":{"line":38,"column":33}},"loc":{"start":{"line":38,"column":52},"end":{"line":49,"column":1}},"line":38},"3":{"name":"(anonymous_3)","decl":{"start":{"line":52,"column":23},"end":{"line":52,"column":24}},"loc":{"start":{"line":52,"column":43},"end":{"line":60,"column":1}},"line":52},"4":{"name":"(anonymous_4)","decl":{"start":{"line":63,"column":22},"end":{"line":63,"column":23}},"loc":{"start":{"line":63,"column":42},"end":{"line":71,"column":1}},"line":63}},"branchMap":{"0":{"loc":{"start":{"line":9,"column":29},"end":{"line":9,"column":62}},"type":"binary-expr","locations":[{"start":{"line":9,"column":29},"end":{"line":9,"column":57}},{"start":{"line":9,"column":61},"end":{"line":9,"column":62}}],"line":9},"1":{"loc":{"start":{"line":10,"column":43},"end":{"line":10,"column":78}},"type":"binary-expr","locations":[{"start":{"line":10,"column":43},"end":{"line":10,"column":72}},{"start":{"line":10,"column":76},"end":{"line":10,"column":78}}],"line":10},"2":{"loc":{"start":{"line":11,"column":19},"end":{"line":11,"column":50}},"type":"binary-expr","locations":[{"start":{"line":11,"column":19},"end":{"line":11,"column":35}},{"start":{"line":11,"column":39},"end":{"line":11,"column":50}}],"line":11},"3":{"loc":{"start":{"line":12,"column":22},"end":{"line":12,"column":51}},"type":"binary-expr","locations":[{"start":{"line":12,"column":22},"end":{"line":12,"column":41}},{"start":{"line":12,"column":45},"end":{"line":12,"column":51}}],"line":12},"4":{"loc":{"start":{"line":27,"column":4},"end":{"line":29,"column":5}},"type":"if","locations":[{"start":{"line":27,"column":4},"end":{"line":29,"column":5}},{"start":{},"end":{}}],"line":27},"5":{"loc":{"start":{"line":41,"column":4},"end":{"line":43,"column":5}},"type":"if","locations":[{"start":{"line":41,"column":4},"end":{"line":43,"column":5}},{"start":{},"end":{}}],"line":41}},"s":{"0":0,"1":0,"2":0,"3":0,"4":0,"5":0,"6":0,"7":0,"8":0,"9":0,"10":0,"11":0,"12":0,"13":0,"14":0,"15":0,"16":0,"17":0,"18":0,"19":0,"20":0,"21":0,"22":0,"23":0,"24":0,"25":0,"26":0,"27":0,"28":0,"29":0,"30":0,"31":0,"32":0,"33":0,"34":0,"35":0,"36":0,"37":0,"38":0,"39":0,"40":0,"41":0},"f":{"0":0,"1":0,"2":0,"3":0,"4":0},"b":{"0":[0,0],"1":[0,0],"2":[0,0],"3":[0,0],"4":[0,0],"5":[0,0]}}
,"/Users/ririnator/Desktop/FAF/backend/routes/formRoutes.js": {"path":"/Users/ririnator/Desktop/FAF/backend/routes/formRoutes.js","statementMap":{"0":{"start":{"line":1,"column":16},"end":{"line":1,"column":34}},"1":{"start":{"line":2,"column":15},"end":{"line":2,"column":31}},"2":{"start":{"line":3,"column":17},"end":{"line":3,"column":46}},"3":{"start":{"line":5,"column":0},"end":{"line":38,"column":3}},"4":{"start":{"line":6,"column":2},"end":{"line":37,"column":3}},"5":{"start":{"line":8,"column":32},"end":{"line":8,"column":40}},"6":{"start":{"line":11,"column":18},"end":{"line":11,"column":54}},"7":{"start":{"line":14,"column":20},"end":{"line":14,"column":100}},"8":{"start":{"line":17,"column":18},"end":{"line":17,"column":84}},"9":{"start":{"line":20,"column":24},"end":{"line":26,"column":6}},"10":{"start":{"line":28,"column":4},"end":{"line":28,"column":29}},"11":{"start":{"line":29,"column":4},"end":{"line":33,"column":7}},"12":{"start":{"line":35,"column":4},"end":{"line":35,"column":62}},"13":{"start":{"line":36,"column":4},"end":{"line":36,"column":87}},"14":{"start":{"line":40,"column":0},"end":{"line":40,"column":24}}},"fnMap":{"0":{"name":"(anonymous_0)","decl":{"start":{"line":5,"column":25},"end":{"line":5,"column":26}},"loc":{"start":{"line":5,"column":45},"end":{"line":38,"column":1}},"line":5}},"branchMap":{"0":{"loc":{"start":{"line":14,"column":20},"end":{"line":14,"column":100}},"type":"binary-expr","locations":[{"start":{"line":14,"column":20},"end":{"line":14,"column":24}},{"start":{"line":14,"column":28},"end":{"line":14,"column":100}}],"line":14},"1":{"loc":{"start":{"line":17,"column":18},"end":{"line":17,"column":84}},"type":"cond-expr","locations":[{"start":{"line":17,"column":28},"end":{"line":17,"column":32}},{"start":{"line":17,"column":35},"end":{"line":17,"column":84}}],"line":17},"2":{"loc":{"start":{"line":32,"column":10},"end":{"line":32,"column":113}},"type":"binary-expr","locations":[{"start":{"line":32,"column":10},"end":{"line":32,"column":15}},{"start":{"line":32,"column":19},"end":{"line":32,"column":113}}],"line":32},"3":{"loc":{"start":{"line":32,"column":33},"end":{"line":32,"column":84}},"type":"binary-expr","locations":[{"start":{"line":32,"column":33},"end":{"line":32,"column":57}},{"start":{"line":32,"column":61},"end":{"line":32,"column":84}}],"line":32}},"s":{"0":0,"1":0,"2":0,"3":0,"4":0,"5":0,"6":0,"7":0,"8":0,"9":0,"10":0,"11":0,"12":0,"13":0,"14":0},"f":{"0":0},"b":{"0":[0,0],"1":[0,0],"2":[0,0],"3":[0,0]}}
,"/Users/ririnator/Desktop/FAF/backend/routes/responseRoutes.js": {"path":"/Users/ririnator/Desktop/FAF/backend/routes/responseRoutes.js","statementMap":{"0":{"start":{"line":3,"column":16},"end":{"line":3,"column":34}},"1":{"start":{"line":4,"column":15},"end":{"line":4,"column":32}},"2":{"start":{"line":5,"column":15},"end":{"line":5,"column":31}},"3":{"start":{"line":7,"column":17},"end":{"line":7,"column":46}},"4":{"start":{"line":8,"column":77},"end":{"line":8,"column":112}},"5":{"start":{"line":11,"column":0},"end":{"line":62,"column":2}},"6":{"start":{"line":19,"column":32},"end":{"line":19,"column":40}},"7":{"start":{"line":20,"column":18},"end":{"line":20,"column":54}},"8":{"start":{"line":21,"column":20},"end":{"line":21,"column":92}},"9":{"start":{"line":23,"column":18},"end":{"line":25,"column":44}},"10":{"start":{"line":28,"column":2},"end":{"line":35,"column":3}},"11":{"start":{"line":29,"column":22},"end":{"line":29,"column":69}},"12":{"start":{"line":30,"column":6},"end":{"line":34,"column":7}},"13":{"start":{"line":31,"column":8},"end":{"line":33,"column":11}},"14":{"start":{"line":37,"column":4},"end":{"line":60,"column":5}},"15":{"start":{"line":39,"column":26},"end":{"line":45,"column":8}},"16":{"start":{"line":46,"column":6},"end":{"line":46,"column":31}},"17":{"start":{"line":49,"column":19},"end":{"line":51,"column":14}},"18":{"start":{"line":53,"column":6},"end":{"line":56,"column":9}},"19":{"start":{"line":58,"column":6},"end":{"line":58,"column":64}},"20":{"start":{"line":59,"column":6},"end":{"line":59,"column":84}},"21":{"start":{"line":64,"column":0},"end":{"line":64,"column":24}}},"fnMap":{"0":{"name":"(anonymous_0)","decl":{"start":{"line":16,"column":2},"end":{"line":16,"column":3}},"loc":{"start":{"line":16,"column":22},"end":{"line":61,"column":3}},"line":16}},"branchMap":{"0":{"loc":{"start":{"line":23,"column":18},"end":{"line":25,"column":44}},"type":"cond-expr","locations":[{"start":{"line":24,"column":6},"end":{"line":24,"column":15}},{"start":{"line":25,"column":6},"end":{"line":25,"column":44}}],"line":23},"1":{"loc":{"start":{"line":28,"column":2},"end":{"line":35,"column":3}},"type":"if","locations":[{"start":{"line":28,"column":2},"end":{"line":35,"column":3}},{"start":{},"end":{}}],"line":28},"2":{"loc":{"start":{"line":30,"column":6},"end":{"line":34,"column":7}},"type":"if","locations":[{"start":{"line":30,"column":6},"end":{"line":34,"column":7}},{"start":{},"end":{}}],"line":30},"3":{"loc":{"start":{"line":49,"column":19},"end":{"line":51,"column":14}},"type":"cond-expr","locations":[{"start":{"line":50,"column":10},"end":{"line":50,"column":53}},{"start":{"line":51,"column":10},"end":{"line":51,"column":14}}],"line":49}},"s":{"0":0,"1":0,"2":0,"3":0,"4":0,"5":0,"6":0,"7":0,"8":0,"9":0,"10":0,"11":0,"12":0,"13":0,"14":0,"15":0,"16":0,"17":0,"18":0,"19":0,"20":0,"21":0},"f":{"0":0},"b":{"0":[0,0],"1":[0,0],"2":[0,0],"3":[0,0]}}
,"/Users/ririnator/Desktop/FAF/backend/routes/responseRoutes.refactored.js": {"path":"/Users/ririnator/Desktop/FAF/backend/routes/responseRoutes.refactored.js","statementMap":{"0":{"start":{"line":1,"column":16},"end":{"line":1,"column":34}},"1":{"start":{"line":2,"column":15},"end":{"line":2,"column":31}},"2":{"start":{"line":4,"column":24},"end":{"line":4,"column":62}},"3":{"start":{"line":5,"column":53},"end":{"line":5,"column":88}},"4":{"start":{"line":8,"column":0},"end":{"line":31,"column":2}},"5":{"start":{"line":12,"column":4},"end":{"line":29,"column":5}},"6":{"start":{"line":13,"column":21},"end":{"line":13,"column":67}},"7":{"start":{"line":15,"column":6},"end":{"line":18,"column":9}},"8":{"start":{"line":20,"column":6},"end":{"line":20,"column":64}},"9":{"start":{"line":22,"column":6},"end":{"line":24,"column":7}},"10":{"start":{"line":23,"column":8},"end":{"line":23,"column":62}},"11":{"start":{"line":26,"column":6},"end":{"line":28,"column":9}},"12":{"start":{"line":33,"column":0},"end":{"line":33,"column":24}}},"fnMap":{"0":{"name":"(anonymous_0)","decl":{"start":{"line":11,"column":2},"end":{"line":11,"column":3}},"loc":{"start":{"line":11,"column":22},"end":{"line":30,"column":3}},"line":11}},"branchMap":{"0":{"loc":{"start":{"line":22,"column":6},"end":{"line":24,"column":7}},"type":"if","locations":[{"start":{"line":22,"column":6},"end":{"line":24,"column":7}},{"start":{},"end":{}}],"line":22}},"s":{"0":0,"1":0,"2":0,"3":0,"4":0,"5":0,"6":0,"7":0,"8":0,"9":0,"10":0,"11":0,"12":0},"f":{"0":0},"b":{"0":[0,0]}}
,"/Users/ririnator/Desktop/FAF/backend/routes/upload.js": {"path":"/Users/ririnator/Desktop/FAF/backend/routes/upload.js","statementMap":{"0":{"start":{"line":2,"column":30},"end":{"line":2,"column":48}},"1":{"start":{"line":3,"column":30},"end":{"line":3,"column":47}},"2":{"start":{"line":4,"column":30},"end":{"line":4,"column":66}},"3":{"start":{"line":5,"column":30},"end":{"line":5,"column":61}},"4":{"start":{"line":6,"column":30},"end":{"line":6,"column":46}},"5":{"start":{"line":9,"column":16},"end":{"line":16,"column":2}},"6":{"start":{"line":14,"column":6},"end":{"line":14,"column":63}},"7":{"start":{"line":19,"column":15},"end":{"line":21,"column":2}},"8":{"start":{"line":24,"column":0},"end":{"line":35,"column":5}},"9":{"start":{"line":25,"column":4},"end":{"line":34,"column":7}},"10":{"start":{"line":26,"column":6},"end":{"line":29,"column":7}},"11":{"start":{"line":27,"column":8},"end":{"line":27,"column":59}},"12":{"start":{"line":28,"column":8},"end":{"line":28,"column":87}},"13":{"start":{"line":30,"column":6},"end":{"line":32,"column":7}},"14":{"start":{"line":31,"column":8},"end":{"line":31,"column":71}},"15":{"start":{"line":33,"column":6},"end":{"line":33,"column":39}},"16":{"start":{"line":37,"column":0},"end":{"line":37,"column":24}}},"fnMap":{"0":{"name":"(anonymous_0)","decl":{"start":{"line":13,"column":15},"end":{"line":13,"column":16}},"loc":{"start":{"line":14,"column":6},"end":{"line":14,"column":63}},"line":14},"1":{"name":"(anonymous_1)","decl":{"start":{"line":24,"column":17},"end":{"line":24,"column":18}},"loc":{"start":{"line":24,"column":31},"end":{"line":35,"column":3}},"line":24},"2":{"name":"(anonymous_2)","decl":{"start":{"line":25,"column":37},"end":{"line":25,"column":38}},"loc":{"start":{"line":25,"column":44},"end":{"line":34,"column":5}},"line":25}},"branchMap":{"0":{"loc":{"start":{"line":26,"column":6},"end":{"line":29,"column":7}},"type":"if","locations":[{"start":{"line":26,"column":6},"end":{"line":29,"column":7}},{"start":{},"end":{}}],"line":26},"1":{"loc":{"start":{"line":30,"column":6},"end":{"line":32,"column":7}},"type":"if","locations":[{"start":{"line":30,"column":6},"end":{"line":32,"column":7}},{"start":{},"end":{}}],"line":30},"2":{"loc":{"start":{"line":30,"column":10},"end":{"line":30,"column":37}},"type":"binary-expr","locations":[{"start":{"line":30,"column":10},"end":{"line":30,"column":19}},{"start":{"line":30,"column":23},"end":{"line":30,"column":37}}],"line":30}},"s":{"0":0,"1":0,"2":0,"3":0,"4":0,"5":0,"6":0,"7":0,"8":0,"9":0,"10":0,"11":0,"12":0,"13":0,"14":0,"15":0,"16":0},"f":{"0":0,"1":0,"2":0},"b":{"0":[0,0],"1":[0,0],"2":[0,0]}}
,"/Users/ririnator/Desktop/FAF/backend/routes/upload.refactored.js": {"path":"/Users/ririnator/Desktop/FAF/backend/routes/upload.refactored.js","statementMap":{"0":{"start":{"line":1,"column":16},"end":{"line":1,"column":34}},"1":{"start":{"line":2,"column":15},"end":{"line":2,"column":31}},"2":{"start":{"line":4,"column":22},"end":{"line":4,"column":65}},"3":{"start":{"line":7,"column":0},"end":{"line":39,"column":3}},"4":{"start":{"line":8,"column":2},"end":{"line":38,"column":3}},"5":{"start":{"line":9,"column":19},"end":{"line":9,"column":61}},"6":{"start":{"line":10,"column":4},"end":{"line":16,"column":7}},"7":{"start":{"line":18,"column":4},"end":{"line":18,"column":56}},"8":{"start":{"line":20,"column":21},"end":{"line":20,"column":24}},"9":{"start":{"line":21,"column":18},"end":{"line":21,"column":33}},"10":{"start":{"line":23,"column":4},"end":{"line":32,"column":5}},"11":{"start":{"line":24,"column":6},"end":{"line":24,"column":23}},"12":{"start":{"line":25,"column":6},"end":{"line":25,"column":28}},"13":{"start":{"line":26,"column":11},"end":{"line":32,"column":5}},"14":{"start":{"line":27,"column":6},"end":{"line":27,"column":23}},"15":{"start":{"line":28,"column":6},"end":{"line":28,"column":28}},"16":{"start":{"line":29,"column":11},"end":{"line":32,"column":5}},"17":{"start":{"line":30,"column":6},"end":{"line":30,"column":23}},"18":{"start":{"line":31,"column":6},"end":{"line":31,"column":28}},"19":{"start":{"line":34,"column":4},"end":{"line":37,"column":7}},"20":{"start":{"line":41,"column":0},"end":{"line":41,"column":24}}},"fnMap":{"0":{"name":"(anonymous_0)","decl":{"start":{"line":7,"column":17},"end":{"line":7,"column":18}},"loc":{"start":{"line":7,"column":37},"end":{"line":39,"column":1}},"line":7}},"branchMap":{"0":{"loc":{"start":{"line":23,"column":4},"end":{"line":32,"column":5}},"type":"if","locations":[{"start":{"line":23,"column":4},"end":{"line":32,"column":5}},{"start":{"line":26,"column":11},"end":{"line":32,"column":5}}],"line":23},"1":{"loc":{"start":{"line":26,"column":11},"end":{"line":32,"column":5}},"type":"if","locations":[{"start":{"line":26,"column":11},"end":{"line":32,"column":5}},{"start":{"line":29,"column":11},"end":{"line":32,"column":5}}],"line":26},"2":{"loc":{"start":{"line":29,"column":11},"end":{"line":32,"column":5}},"type":"if","locations":[{"start":{"line":29,"column":11},"end":{"line":32,"column":5}},{"start":{},"end":{}}],"line":29}},"s":{"0":0,"1":0,"2":0,"3":0,"4":0,"5":0,"6":0,"7":0,"8":0,"9":0,"10":0,"11":0,"12":0,"13":0,"14":0,"15":0,"16":0,"17":0,"18":0,"19":0,"20":0},"f":{"0":0},"b":{"0":[0,0],"1":[0,0],"2":[0,0]}}
}
