{"/Users/ririnator/Desktop/FAF/backend/config/cloudinary.js": {"path":"/Users/ririnator/Desktop/FAF/backend/config/cloudinary.js","statementMap":{"0":{"start":{"line":2,"column":27},"end":{"line":2,"column":48}},"1":{"start":{"line":4,"column":0},"end":{"line":9,"column":3}},"2":{"start":{"line":11,"column":0},"end":{"line":11,"column":28}}},"fnMap":{},"branchMap":{},"s":{"0":4,"1":4,"2":4},"f":{},"b":{},"_coverageSchema":"1a1c01bbd47fc00a2c39e90264f33305004495a9","hash":"98a0b944326dc5d3987ec05085b4bbd025c060e1"}
,"/Users/ririnator/Desktop/FAF/backend/config/cors.js": {"path":"/Users/ririnator/Desktop/FAF/backend/config/cors.js","statementMap":{"0":{"start":{"line":1,"column":13},"end":{"line":1,"column":28}},"1":{"start":{"line":5,"column":20},"end":{"line":8,"column":21}},"2":{"start":{"line":10,"column":4},"end":{"line":13,"column":5}},"3":{"start":{"line":11,"column":6},"end":{"line":11,"column":94}},"4":{"start":{"line":12,"column":6},"end":{"line":12,"column":39}},"5":{"start":{"line":15,"column":4},"end":{"line":15,"column":19}},"6":{"start":{"line":19,"column":4},"end":{"line":32,"column":6}},"7":{"start":{"line":36,"column":4},"end":{"line":36,"column":34}},"8":{"start":{"line":40,"column":4},"end":{"line":40,"column":74}},"9":{"start":{"line":44,"column":0},"end":{"line":44,"column":28}}},"fnMap":{"0":{"name":"(anonymous_0)","decl":{"start":{"line":4,"column":2},"end":{"line":4,"column":3}},"loc":{"start":{"line":4,"column":29},"end":{"line":16,"column":3}},"line":4},"1":{"name":"(anonymous_1)","decl":{"start":{"line":18,"column":2},"end":{"line":18,"column":3}},"loc":{"start":{"line":18,"column":21},"end":{"line":33,"column":3}},"line":18},"2":{"name":"(anonymous_2)","decl":{"start":{"line":35,"column":2},"end":{"line":35,"column":3}},"loc":{"start":{"line":35,"column":22},"end":{"line":37,"column":3}},"line":35},"3":{"name":"(anonymous_3)","decl":{"start":{"line":39,"column":2},"end":{"line":39,"column":3}},"loc":{"start":{"line":39,"column":21},"end":{"line":41,"column":3}},"line":39}},"branchMap":{"0":{"loc":{"start":{"line":10,"column":4},"end":{"line":13,"column":5}},"type":"if","locations":[{"start":{"line":10,"column":4},"end":{"line":13,"column":5}},{"start":{},"end":{}}],"line":10}},"s":{"0":0,"1":0,"2":0,"3":0,"4":0,"5":0,"6":0,"7":0,"8":0,"9":0},"f":{"0":0,"1":0,"2":0,"3":0},"b":{"0":[0,0]}}
,"/Users/ririnator/Desktop/FAF/backend/config/database.js": {"path":"/Users/ririnator/Desktop/FAF/backend/config/database.js","statementMap":{"0":{"start":{"line":1,"column":17},"end":{"line":1,"column":36}},"1":{"start":{"line":5,"column":4},"end":{"line":23,"column":5}},"2":{"start":{"line":6,"column":25},"end":{"line":9,"column":8}},"3":{"start":{"line":11,"column":6},"end":{"line":11,"column":53}},"4":{"start":{"line":14,"column":6},"end":{"line":14,"column":33}},"5":{"start":{"line":17,"column":6},"end":{"line":17,"column":35}},"6":{"start":{"line":19,"column":6},"end":{"line":19,"column":24}},"7":{"start":{"line":21,"column":6},"end":{"line":21,"column":60}},"8":{"start":{"line":22,"column":6},"end":{"line":22,"column":22}},"9":{"start":{"line":27,"column":4},"end":{"line":49,"column":5}},"10":{"start":{"line":28,"column":17},"end":{"line":28,"column":39}},"11":{"start":{"line":31,"column":6},"end":{"line":31,"column":70}},"12":{"start":{"line":34,"column":6},"end":{"line":37,"column":9}},"13":{"start":{"line":40,"column":6},"end":{"line":44,"column":9}},"14":{"start":{"line":46,"column":6},"end":{"line":46,"column":43}},"15":{"start":{"line":48,"column":6},"end":{"line":48,"column":58}},"16":{"start":{"line":53,"column":4},"end":{"line":55,"column":7}},"17":{"start":{"line":54,"column":6},"end":{"line":54,"column":52}},"18":{"start":{"line":57,"column":4},"end":{"line":59,"column":7}},"19":{"start":{"line":58,"column":6},"end":{"line":58,"column":46}},"20":{"start":{"line":61,"column":4},"end":{"line":63,"column":7}},"21":{"start":{"line":62,"column":6},"end":{"line":62,"column":55}},"22":{"start":{"line":66,"column":4},"end":{"line":70,"column":7}},"23":{"start":{"line":67,"column":6},"end":{"line":67,"column":40}},"24":{"start":{"line":68,"column":6},"end":{"line":68,"column":49}},"25":{"start":{"line":69,"column":6},"end":{"line":69,"column":22}},"26":{"start":{"line":74,"column":4},"end":{"line":74,"column":48}},"27":{"start":{"line":78,"column":0},"end":{"line":78,"column":32}}},"fnMap":{"0":{"name":"(anonymous_0)","decl":{"start":{"line":4,"column":2},"end":{"line":4,"column":3}},"loc":{"start":{"line":4,"column":25},"end":{"line":24,"column":3}},"line":4},"1":{"name":"(anonymous_1)","decl":{"start":{"line":26,"column":2},"end":{"line":26,"column":3}},"loc":{"start":{"line":26,"column":31},"end":{"line":50,"column":3}},"line":26},"2":{"name":"(anonymous_2)","decl":{"start":{"line":52,"column":2},"end":{"line":52,"column":3}},"loc":{"start":{"line":52,"column":33},"end":{"line":71,"column":3}},"line":52},"3":{"name":"(anonymous_3)","decl":{"start":{"line":53,"column":40},"end":{"line":53,"column":41}},"loc":{"start":{"line":53,"column":46},"end":{"line":55,"column":5}},"line":53},"4":{"name":"(anonymous_4)","decl":{"start":{"line":57,"column":36},"end":{"line":57,"column":37}},"loc":{"start":{"line":57,"column":45},"end":{"line":59,"column":5}},"line":57},"5":{"name":"(anonymous_5)","decl":{"start":{"line":61,"column":43},"end":{"line":61,"column":44}},"loc":{"start":{"line":61,"column":49},"end":{"line":63,"column":5}},"line":61},"6":{"name":"(anonymous_6)","decl":{"start":{"line":66,"column":25},"end":{"line":66,"column":26}},"loc":{"start":{"line":66,"column":37},"end":{"line":70,"column":5}},"line":66},"7":{"name":"(anonymous_7)","decl":{"start":{"line":73,"column":2},"end":{"line":73,"column":3}},"loc":{"start":{"line":73,"column":23},"end":{"line":75,"column":3}},"line":73}},"branchMap":{},"s":{"0":0,"1":0,"2":0,"3":0,"4":0,"5":0,"6":0,"7":0,"8":0,"9":0,"10":0,"11":0,"12":0,"13":0,"14":0,"15":0,"16":0,"17":0,"18":0,"19":0,"20":0,"21":0,"22":0,"23":0,"24":0,"25":0,"26":0,"27":0},"f":{"0":0,"1":0,"2":0,"3":0,"4":0,"5":0,"6":0,"7":0},"b":{}}
,"/Users/ririnator/Desktop/FAF/backend/config/environment.js": {"path":"/Users/ririnator/Desktop/FAF/backend/config/environment.js","statementMap":{"0":{"start":{"line":2,"column":24},"end":{"line":9,"column":3}},"1":{"start":{"line":11,"column":24},"end":{"line":17,"column":3}},"2":{"start":{"line":20,"column":20},"end":{"line":20,"column":22}},"3":{"start":{"line":21,"column":21},"end":{"line":21,"column":23}},"4":{"start":{"line":24,"column":4},"end":{"line":28,"column":7}},"5":{"start":{"line":25,"column":6},"end":{"line":27,"column":7}},"6":{"start":{"line":26,"column":8},"end":{"line":26,"column":30}},"7":{"start":{"line":31,"column":4},"end":{"line":35,"column":7}},"8":{"start":{"line":32,"column":6},"end":{"line":34,"column":7}},"9":{"start":{"line":33,"column":8},"end":{"line":33,"column":31}},"10":{"start":{"line":37,"column":4},"end":{"line":40,"column":5}},"11":{"start":{"line":38,"column":6},"end":{"line":38,"column":73}},"12":{"start":{"line":39,"column":6},"end":{"line":39,"column":94}},"13":{"start":{"line":42,"column":4},"end":{"line":44,"column":5}},"14":{"start":{"line":43,"column":6},"end":{"line":43,"column":88}},"15":{"start":{"line":46,"column":4},"end":{"line":46,"column":57}},"16":{"start":{"line":47,"column":4},"end":{"line":47,"column":16}},"17":{"start":{"line":51,"column":4},"end":{"line":74,"column":6}},"18":{"start":{"line":78,"column":4},"end":{"line":78,"column":49}},"19":{"start":{"line":82,"column":4},"end":{"line":82,"column":49}},"20":{"start":{"line":86,"column":19},"end":{"line":86,"column":35}},"21":{"start":{"line":87,"column":4},"end":{"line":87,"column":55}},"22":{"start":{"line":88,"column":4},"end":{"line":88,"column":43}},"23":{"start":{"line":89,"column":4},"end":{"line":89,"column":58}},"24":{"start":{"line":93,"column":0},"end":{"line":93,"column":35}}},"fnMap":{"0":{"name":"(anonymous_0)","decl":{"start":{"line":19,"column":2},"end":{"line":19,"column":3}},"loc":{"start":{"line":19,"column":20},"end":{"line":48,"column":3}},"line":19},"1":{"name":"(anonymous_1)","decl":{"start":{"line":24,"column":30},"end":{"line":24,"column":31}},"loc":{"start":{"line":24,"column":41},"end":{"line":28,"column":5}},"line":24},"2":{"name":"(anonymous_2)","decl":{"start":{"line":31,"column":30},"end":{"line":31,"column":31}},"loc":{"start":{"line":31,"column":41},"end":{"line":35,"column":5}},"line":31},"3":{"name":"(anonymous_3)","decl":{"start":{"line":50,"column":2},"end":{"line":50,"column":3}},"loc":{"start":{"line":50,"column":21},"end":{"line":75,"column":3}},"line":50},"4":{"name":"(anonymous_4)","decl":{"start":{"line":77,"column":2},"end":{"line":77,"column":3}},"loc":{"start":{"line":77,"column":25},"end":{"line":79,"column":3}},"line":77},"5":{"name":"(anonymous_5)","decl":{"start":{"line":81,"column":2},"end":{"line":81,"column":3}},"loc":{"start":{"line":81,"column":24},"end":{"line":83,"column":3}},"line":81},"6":{"name":"(anonymous_6)","decl":{"start":{"line":85,"column":2},"end":{"line":85,"column":3}},"loc":{"start":{"line":85,"column":26},"end":{"line":90,"column":3}},"line":85}},"branchMap":{"0":{"loc":{"start":{"line":25,"column":6},"end":{"line":27,"column":7}},"type":"if","locations":[{"start":{"line":25,"column":6},"end":{"line":27,"column":7}},{"start":{},"end":{}}],"line":25},"1":{"loc":{"start":{"line":32,"column":6},"end":{"line":34,"column":7}},"type":"if","locations":[{"start":{"line":32,"column":6},"end":{"line":34,"column":7}},{"start":{},"end":{}}],"line":32},"2":{"loc":{"start":{"line":37,"column":4},"end":{"line":40,"column":5}},"type":"if","locations":[{"start":{"line":37,"column":4},"end":{"line":40,"column":5}},{"start":{},"end":{}}],"line":37},"3":{"loc":{"start":{"line":42,"column":4},"end":{"line":44,"column":5}},"type":"if","locations":[{"start":{"line":42,"column":4},"end":{"line":44,"column":5}},{"start":{},"end":{}}],"line":42},"4":{"loc":{"start":{"line":52,"column":12},"end":{"line":52,"column":36}},"type":"binary-expr","locations":[{"start":{"line":52,"column":12},"end":{"line":52,"column":28}},{"start":{"line":52,"column":32},"end":{"line":52,"column":36}}],"line":52},"5":{"loc":{"start":{"line":53,"column":15},"end":{"line":53,"column":52}},"type":"binary-expr","locations":[{"start":{"line":53,"column":15},"end":{"line":53,"column":35}},{"start":{"line":53,"column":39},"end":{"line":53,"column":52}}],"line":53}},"s":{"0":0,"1":0,"2":0,"3":0,"4":0,"5":0,"6":0,"7":0,"8":0,"9":0,"10":0,"11":0,"12":0,"13":0,"14":0,"15":0,"16":0,"17":0,"18":0,"19":0,"20":0,"21":0,"22":0,"23":0,"24":0},"f":{"0":0,"1":0,"2":0,"3":0,"4":0,"5":0,"6":0},"b":{"0":[0,0],"1":[0,0],"2":[0,0],"3":[0,0],"4":[0,0],"5":[0,0]}}
,"/Users/ririnator/Desktop/FAF/backend/config/session.js": {"path":"/Users/ririnator/Desktop/FAF/backend/config/session.js","statementMap":{"0":{"start":{"line":1,"column":16},"end":{"line":1,"column":42}},"1":{"start":{"line":2,"column":19},"end":{"line":2,"column":43}},"2":{"start":{"line":6,"column":4},"end":{"line":8,"column":5}},"3":{"start":{"line":7,"column":6},"end":{"line":7,"column":85}},"4":{"start":{"line":10,"column":4},"end":{"line":12,"column":5}},"5":{"start":{"line":11,"column":6},"end":{"line":11,"column":72}},"6":{"start":{"line":14,"column":4},"end":{"line":32,"column":6}},"7":{"start":{"line":36,"column":4},"end":{"line":36,"column":37}},"8":{"start":{"line":40,"column":0},"end":{"line":40,"column":31}}},"fnMap":{"0":{"name":"(anonymous_0)","decl":{"start":{"line":5,"column":2},"end":{"line":5,"column":3}},"loc":{"start":{"line":5,"column":21},"end":{"line":33,"column":3}},"line":5},"1":{"name":"(anonymous_1)","decl":{"start":{"line":35,"column":2},"end":{"line":35,"column":3}},"loc":{"start":{"line":35,"column":22},"end":{"line":37,"column":3}},"line":35}},"branchMap":{"0":{"loc":{"start":{"line":6,"column":4},"end":{"line":8,"column":5}},"type":"if","locations":[{"start":{"line":6,"column":4},"end":{"line":8,"column":5}},{"start":{},"end":{}}],"line":6},"1":{"loc":{"start":{"line":10,"column":4},"end":{"line":12,"column":5}},"type":"if","locations":[{"start":{"line":10,"column":4},"end":{"line":12,"column":5}},{"start":{},"end":{}}],"line":10},"2":{"loc":{"start":{"line":27,"column":18},"end":{"line":27,"column":72}},"type":"cond-expr","locations":[{"start":{"line":27,"column":58},"end":{"line":27,"column":64}},{"start":{"line":27,"column":67},"end":{"line":27,"column":72}}],"line":27}},"s":{"0":0,"1":0,"2":0,"3":0,"4":0,"5":0,"6":0,"7":0,"8":0},"f":{"0":0,"1":0},"b":{"0":[0,0],"1":[0,0],"2":[0,0]}}
,"/Users/ririnator/Desktop/FAF/backend/models/Response.js": {"path":"/Users/ririnator/Desktop/FAF/backend/models/Response.js","statementMap":{"0":{"start":{"line":1,"column":17},"end":{"line":1,"column":36}},"1":{"start":{"line":2,"column":15},"end":{"line":2,"column":30}},"2":{"start":{"line":4,"column":23},"end":{"line":16,"column":2}},"3":{"start":{"line":18,"column":0},"end":{"line":24,"column":2}},"4":{"start":{"line":26,"column":0},"end":{"line":26,"column":60}}},"fnMap":{},"branchMap":{},"s":{"0":13,"1":13,"2":13,"3":13,"4":13},"f":{},"b":{},"_coverageSchema":"1a1c01bbd47fc00a2c39e90264f33305004495a9","hash":"26294dfb2ca6f15713f762a847c5df08f5d40d9a"}
,"/Users/ririnator/Desktop/FAF/backend/routes/adminRoutes.js": {"path":"/Users/ririnator/Desktop/FAF/backend/routes/adminRoutes.js","statementMap":{"0":{"start":{"line":2,"column":17},"end":{"line":2,"column":35}},"1":{"start":{"line":3,"column":17},"end":{"line":3,"column":36}},"2":{"start":{"line":4,"column":17},"end":{"line":4,"column":33}},"3":{"start":{"line":5,"column":17},"end":{"line":5,"column":46}},"4":{"start":{"line":6,"column":34},"end":{"line":6,"column":69}},"5":{"start":{"line":7,"column":46},"end":{"line":7,"column":75}},"6":{"start":{"line":8,"column":30},"end":{"line":8,"column":68}},"7":{"start":{"line":11,"column":27},"end":{"line":11,"column":89}},"8":{"start":{"line":14,"column":27},"end":{"line":14,"column":36}},"9":{"start":{"line":15,"column":18},"end":{"line":15,"column":32}},"10":{"start":{"line":16,"column":23},"end":{"line":16,"column":25}},"11":{"start":{"line":23,"column":14},"end":{"line":23,"column":24}},"12":{"start":{"line":24,"column":21},"end":{"line":24,"column":22}},"13":{"start":{"line":27,"column":2},"end":{"line":32,"column":3}},"14":{"start":{"line":28,"column":4},"end":{"line":31,"column":5}},"15":{"start":{"line":29,"column":6},"end":{"line":29,"column":37}},"16":{"start":{"line":30,"column":6},"end":{"line":30,"column":21}},"17":{"start":{"line":35,"column":2},"end":{"line":45,"column":3}},"18":{"start":{"line":36,"column":20},"end":{"line":36,"column":60}},"19":{"start":{"line":38,"column":4},"end":{"line":38,"column":60}},"20":{"start":{"line":38,"column":27},"end":{"line":38,"column":58}},"21":{"start":{"line":40,"column":21},"end":{"line":40,"column":79}},"22":{"start":{"line":41,"column":4},"end":{"line":44,"column":7}},"23":{"start":{"line":42,"column":6},"end":{"line":42,"column":37}},"24":{"start":{"line":43,"column":6},"end":{"line":43,"column":21}},"25":{"start":{"line":47,"column":2},"end":{"line":49,"column":3}},"26":{"start":{"line":48,"column":4},"end":{"line":48,"column":103}},"27":{"start":{"line":53,"column":0},"end":{"line":53,"column":41}},"28":{"start":{"line":60,"column":2},"end":{"line":77,"column":3}},"29":{"start":{"line":61,"column":25},"end":{"line":61,"column":61}},"30":{"start":{"line":62,"column":18},"end":{"line":68,"column":5}},"31":{"start":{"line":71,"column":4},"end":{"line":74,"column":5}},"32":{"start":{"line":72,"column":6},"end":{"line":72,"column":77}},"33":{"start":{"line":73,"column":6},"end":{"line":73,"column":78}},"34":{"start":{"line":76,"column":4},"end":{"line":76,"column":64}},"35":{"start":{"line":81,"column":0},"end":{"line":81,"column":39}},"36":{"start":{"line":84,"column":12},"end":{"line":84,"column":22}},"37":{"start":{"line":85,"column":18},"end":{"line":85,"column":77}},"38":{"start":{"line":86,"column":24},"end":{"line":86,"column":59}},"39":{"start":{"line":87,"column":0},"end":{"line":91,"column":20}},"40":{"start":{"line":88,"column":2},"end":{"line":88,"column":24}},"41":{"start":{"line":90,"column":2},"end":{"line":90,"column":61}},"42":{"start":{"line":103,"column":20},"end":{"line":103,"column":30}},"43":{"start":{"line":104,"column":14},"end":{"line":104,"column":24}},"44":{"start":{"line":105,"column":17},"end":{"line":105,"column":49}},"45":{"start":{"line":107,"column":21},"end":{"line":111,"column":3}},"46":{"start":{"line":114,"column":2},"end":{"line":118,"column":3}},"47":{"start":{"line":115,"column":21},"end":{"line":115,"column":64}},"48":{"start":{"line":116,"column":4},"end":{"line":116,"column":103}},"49":{"start":{"line":117,"column":4},"end":{"line":117,"column":24}},"50":{"start":{"line":120,"column":2},"end":{"line":120,"column":74}},"51":{"start":{"line":123,"column":22},"end":{"line":123,"column":24}},"52":{"start":{"line":124,"column":18},"end":{"line":124,"column":19}},"53":{"start":{"line":126,"column":2},"end":{"line":237,"column":3}},"54":{"start":{"line":128,"column":4},"end":{"line":128,"column":16}},"55":{"start":{"line":129,"column":23},"end":{"line":134,"column":8}},"56":{"start":{"line":136,"column":4},"end":{"line":139,"column":5}},"57":{"start":{"line":137,"column":6},"end":{"line":137,"column":32}},"58":{"start":{"line":138,"column":6},"end":{"line":138,"column":73}},"59":{"start":{"line":142,"column":4},"end":{"line":142,"column":16}},"60":{"start":{"line":143,"column":26},"end":{"line":143,"column":78}},"61":{"start":{"line":145,"column":4},"end":{"line":148,"column":5}},"62":{"start":{"line":146,"column":6},"end":{"line":146,"column":78}},"63":{"start":{"line":147,"column":6},"end":{"line":147,"column":27}},"64":{"start":{"line":150,"column":25},"end":{"line":155,"column":5}},"65":{"start":{"line":157,"column":4},"end":{"line":157,"column":77}},"66":{"start":{"line":159,"column":4},"end":{"line":200,"column":5}},"67":{"start":{"line":160,"column":29},"end":{"line":162,"column":7}},"68":{"start":{"line":161,"column":8},"end":{"line":161,"column":64}},"69":{"start":{"line":164,"column":27},"end":{"line":164,"column":81}},"70":{"start":{"line":165,"column":6},"end":{"line":172,"column":7}},"71":{"start":{"line":166,"column":8},"end":{"line":171,"column":11}},"72":{"start":{"line":174,"column":6},"end":{"line":199,"column":7}},"73":{"start":{"line":175,"column":25},"end":{"line":175,"column":26}},"74":{"start":{"line":176,"column":27},"end":{"line":176,"column":28}},"75":{"start":{"line":178,"column":8},"end":{"line":191,"column":11}},"76":{"start":{"line":179,"column":10},"end":{"line":190,"column":11}},"77":{"start":{"line":180,"column":31},"end":{"line":180,"column":60}},"78":{"start":{"line":181,"column":12},"end":{"line":189,"column":13}},"79":{"start":{"line":182,"column":36},"end":{"line":182,"column":96}},"80":{"start":{"line":182,"column":60},"end":{"line":182,"column":95}},"81":{"start":{"line":183,"column":14},"end":{"line":188,"column":15}},"82":{"start":{"line":184,"column":16},"end":{"line":184,"column":47}},"83":{"start":{"line":185,"column":16},"end":{"line":185,"column":29}},"84":{"start":{"line":187,"column":16},"end":{"line":187,"column":31}},"85":{"start":{"line":193,"column":8},"end":{"line":193,"column":110}},"86":{"start":{"line":195,"column":8},"end":{"line":198,"column":11}},"87":{"start":{"line":203,"column":4},"end":{"line":209,"column":7}},"88":{"start":{"line":211,"column":21},"end":{"line":211,"column":43}},"89":{"start":{"line":212,"column":4},"end":{"line":217,"column":7}},"90":{"start":{"line":219,"column":4},"end":{"line":219,"column":25}},"91":{"start":{"line":222,"column":4},"end":{"line":227,"column":7}},"92":{"start":{"line":230,"column":4},"end":{"line":233,"column":5}},"93":{"start":{"line":231,"column":6},"end":{"line":231,"column":73}},"94":{"start":{"line":232,"column":6},"end":{"line":232,"column":26}},"95":{"start":{"line":236,"column":4},"end":{"line":236,"column":57}},"96":{"start":{"line":241,"column":0},"end":{"line":241,"column":36}},"97":{"start":{"line":244,"column":0},"end":{"line":244,"column":47}},"98":{"start":{"line":247,"column":0},"end":{"line":300,"column":3}},"99":{"start":{"line":249,"column":2},"end":{"line":251,"column":3}},"100":{"start":{"line":250,"column":4},"end":{"line":250,"column":56}},"101":{"start":{"line":252,"column":2},"end":{"line":252,"column":9}},"102":{"start":{"line":255,"column":2},"end":{"line":257,"column":3}},"103":{"start":{"line":256,"column":4},"end":{"line":256,"column":76}},"104":{"start":{"line":258,"column":2},"end":{"line":258,"column":9}},"105":{"start":{"line":260,"column":2},"end":{"line":299,"column":3}},"106":{"start":{"line":262,"column":18},"end":{"line":262,"column":36}},"107":{"start":{"line":264,"column":17},"end":{"line":266,"column":13}},"108":{"start":{"line":268,"column":25},"end":{"line":268,"column":27}},"109":{"start":{"line":269,"column":24},"end":{"line":269,"column":33}},"110":{"start":{"line":271,"column":4},"end":{"line":290,"column":7}},"111":{"start":{"line":272,"column":6},"end":{"line":289,"column":9}},"112":{"start":{"line":273,"column":8},"end":{"line":288,"column":9}},"113":{"start":{"line":274,"column":22},"end":{"line":274,"column":32}},"114":{"start":{"line":275,"column":10},"end":{"line":286,"column":11}},"115":{"start":{"line":276,"column":12},"end":{"line":285,"column":15}},"116":{"start":{"line":280,"column":57},"end":{"line":280,"column":72}},"117":{"start":{"line":283,"column":16},"end":{"line":283,"column":73}},"118":{"start":{"line":287,"column":10},"end":{"line":287,"column":39}},"119":{"start":{"line":292,"column":4},"end":{"line":295,"column":7}},"120":{"start":{"line":294,"column":65},"end":{"line":294,"column":82}},"121":{"start":{"line":297,"column":4},"end":{"line":297,"column":48}},"122":{"start":{"line":298,"column":4},"end":{"line":298,"column":51}},"123":{"start":{"line":303,"column":0},"end":{"line":313,"column":3}},"124":{"start":{"line":304,"column":2},"end":{"line":312,"column":3}},"125":{"start":{"line":305,"column":16},"end":{"line":305,"column":43}},"126":{"start":{"line":306,"column":4},"end":{"line":306,"column":95}},"127":{"start":{"line":306,"column":14},"end":{"line":306,"column":95}},"128":{"start":{"line":307,"column":4},"end":{"line":307,"column":26}},"129":{"start":{"line":308,"column":4},"end":{"line":308,"column":11}},"130":{"start":{"line":310,"column":4},"end":{"line":310,"column":47}},"131":{"start":{"line":311,"column":4},"end":{"line":311,"column":100}},"132":{"start":{"line":317,"column":0},"end":{"line":352,"column":3}},"133":{"start":{"line":318,"column":2},"end":{"line":351,"column":3}},"134":{"start":{"line":319,"column":18},"end":{"line":319,"column":65}},"135":{"start":{"line":320,"column":18},"end":{"line":320,"column":81}},"136":{"start":{"line":321,"column":18},"end":{"line":321,"column":36}},"137":{"start":{"line":322,"column":19},"end":{"line":322,"column":43}},"138":{"start":{"line":325,"column":17},"end":{"line":325,"column":19}},"139":{"start":{"line":326,"column":4},"end":{"line":331,"column":5}},"140":{"start":{"line":328,"column":26},"end":{"line":328,"column":77}},"141":{"start":{"line":328,"column":35},"end":{"line":328,"column":77}},"142":{"start":{"line":329,"column":28},"end":{"line":329,"column":47}},"143":{"start":{"line":330,"column":6},"end":{"line":330,"column":61}},"144":{"start":{"line":333,"column":23},"end":{"line":333,"column":60}},"145":{"start":{"line":334,"column":23},"end":{"line":334,"column":52}},"146":{"start":{"line":336,"column":17},"end":{"line":341,"column":13}},"147":{"start":{"line":343,"column":4},"end":{"line":347,"column":7}},"148":{"start":{"line":349,"column":4},"end":{"line":349,"column":59}},"149":{"start":{"line":350,"column":4},"end":{"line":350,"column":113}},"150":{"start":{"line":355,"column":0},"end":{"line":367,"column":5}},"151":{"start":{"line":357,"column":4},"end":{"line":357,"column":30}},"152":{"start":{"line":360,"column":4},"end":{"line":366,"column":5}},"153":{"start":{"line":361,"column":6},"end":{"line":361,"column":40}},"154":{"start":{"line":362,"column":6},"end":{"line":362,"column":61}},"155":{"start":{"line":364,"column":6},"end":{"line":364,"column":66}},"156":{"start":{"line":365,"column":6},"end":{"line":365,"column":101}},"157":{"start":{"line":401,"column":0},"end":{"line":610,"column":3}},"158":{"start":{"line":402,"column":2},"end":{"line":609,"column":3}},"159":{"start":{"line":403,"column":18},"end":{"line":403,"column":20}},"160":{"start":{"line":404,"column":4},"end":{"line":410,"column":5}},"161":{"start":{"line":405,"column":21},"end":{"line":405,"column":73}},"162":{"start":{"line":405,"column":57},"end":{"line":405,"column":72}},"163":{"start":{"line":406,"column":6},"end":{"line":409,"column":8}},"164":{"start":{"line":413,"column":18},"end":{"line":413,"column":36}},"165":{"start":{"line":414,"column":24},"end":{"line":427,"column":5}},"166":{"start":{"line":428,"column":23},"end":{"line":431,"column":16}},"167":{"start":{"line":434,"column":25},"end":{"line":451,"column":5}},"168":{"start":{"line":453,"column":27},"end":{"line":456,"column":16}},"169":{"start":{"line":462,"column":20},"end":{"line":462,"column":22}},"170":{"start":{"line":463,"column":34},"end":{"line":463,"column":36}},"171":{"start":{"line":465,"column":4},"end":{"line":482,"column":7}},"172":{"start":{"line":466,"column":26},"end":{"line":466,"column":53}},"173":{"start":{"line":469,"column":6},"end":{"line":472,"column":7}},"174":{"start":{"line":470,"column":8},"end":{"line":470,"column":61}},"175":{"start":{"line":471,"column":8},"end":{"line":471,"column":15}},"176":{"start":{"line":475,"column":6},"end":{"line":477,"column":7}},"177":{"start":{"line":476,"column":8},"end":{"line":476,"column":54}},"178":{"start":{"line":479,"column":25},"end":{"line":479,"column":59}},"179":{"start":{"line":480,"column":6},"end":{"line":480,"column":54}},"180":{"start":{"line":481,"column":6},"end":{"line":481,"column":41}},"181":{"start":{"line":484,"column":24},"end":{"line":485,"column":56}},"182":{"start":{"line":485,"column":35},"end":{"line":485,"column":54}},"183":{"start":{"line":492,"column":6},"end":{"line":492,"column":57}},"184":{"start":{"line":492,"column":45},"end":{"line":492,"column":57}},"185":{"start":{"line":493,"column":6},"end":{"line":498,"column":32}},"186":{"start":{"line":503,"column":4},"end":{"line":511,"column":7}},"187":{"start":{"line":504,"column":6},"end":{"line":510,"column":7}},"188":{"start":{"line":505,"column":8},"end":{"line":509,"column":11}},"189":{"start":{"line":506,"column":10},"end":{"line":508,"column":11}},"190":{"start":{"line":507,"column":12},"end":{"line":507,"column":66}},"191":{"start":{"line":514,"column":4},"end":{"line":522,"column":7}},"192":{"start":{"line":515,"column":6},"end":{"line":521,"column":7}},"193":{"start":{"line":516,"column":8},"end":{"line":520,"column":11}},"194":{"start":{"line":517,"column":10},"end":{"line":519,"column":11}},"195":{"start":{"line":518,"column":12},"end":{"line":518,"column":66}},"196":{"start":{"line":525,"column":4},"end":{"line":542,"column":5}},"197":{"start":{"line":526,"column":6},"end":{"line":526,"column":75}},"198":{"start":{"line":529,"column":36},"end":{"line":529,"column":38}},"199":{"start":{"line":530,"column":6},"end":{"line":534,"column":9}},"200":{"start":{"line":531,"column":21},"end":{"line":531,"column":48}},"201":{"start":{"line":532,"column":8},"end":{"line":532,"column":75}},"202":{"start":{"line":532,"column":42},"end":{"line":532,"column":75}},"203":{"start":{"line":533,"column":8},"end":{"line":533,"column":58}},"204":{"start":{"line":536,"column":25},"end":{"line":537,"column":56}},"205":{"start":{"line":537,"column":37},"end":{"line":537,"column":55}},"206":{"start":{"line":539,"column":6},"end":{"line":541,"column":7}},"207":{"start":{"line":540,"column":8},"end":{"line":540,"column":76}},"208":{"start":{"line":548,"column":21},"end":{"line":548,"column":45}},"209":{"start":{"line":549,"column":24},"end":{"line":549,"column":78}},"210":{"start":{"line":554,"column":4},"end":{"line":567,"column":5}},"211":{"start":{"line":555,"column":6},"end":{"line":555,"column":103}},"212":{"start":{"line":556,"column":6},"end":{"line":566,"column":9}},"213":{"start":{"line":557,"column":8},"end":{"line":565,"column":9}},"214":{"start":{"line":558,"column":29},"end":{"line":558,"column":56}},"215":{"start":{"line":559,"column":10},"end":{"line":564,"column":11}},"216":{"start":{"line":560,"column":34},"end":{"line":560,"column":94}},"217":{"start":{"line":560,"column":58},"end":{"line":560,"column":93}},"218":{"start":{"line":561,"column":12},"end":{"line":563,"column":13}},"219":{"start":{"line":562,"column":14},"end":{"line":562,"column":43}},"220":{"start":{"line":572,"column":23},"end":{"line":572,"column":54}},"221":{"start":{"line":576,"column":26},"end":{"line":589,"column":6}},"222":{"start":{"line":577,"column":26},"end":{"line":577,"column":55}},"223":{"start":{"line":578,"column":26},"end":{"line":578,"column":55}},"224":{"start":{"line":581,"column":19},"end":{"line":581,"column":85}},"225":{"start":{"line":581,"column":48},"end":{"line":581,"column":84}},"226":{"start":{"line":582,"column":19},"end":{"line":582,"column":85}},"227":{"start":{"line":582,"column":48},"end":{"line":582,"column":84}},"228":{"start":{"line":585,"column":6},"end":{"line":585,"column":55}},"229":{"start":{"line":585,"column":25},"end":{"line":585,"column":55}},"230":{"start":{"line":586,"column":6},"end":{"line":586,"column":55}},"231":{"start":{"line":586,"column":25},"end":{"line":586,"column":55}},"232":{"start":{"line":588,"column":6},"end":{"line":588,"column":29}},"233":{"start":{"line":592,"column":4},"end":{"line":603,"column":5}},"234":{"start":{"line":593,"column":6},"end":{"line":593,"column":74}},"235":{"start":{"line":594,"column":6},"end":{"line":597,"column":9}},"236":{"start":{"line":595,"column":23},"end":{"line":595,"column":72}},"237":{"start":{"line":596,"column":8},"end":{"line":596,"column":45}},"238":{"start":{"line":598,"column":6},"end":{"line":598,"column":38}},"239":{"start":{"line":599,"column":6},"end":{"line":602,"column":9}},"240":{"start":{"line":600,"column":23},"end":{"line":600,"column":96}},"241":{"start":{"line":601,"column":8},"end":{"line":601,"column":49}},"242":{"start":{"line":605,"column":4},"end":{"line":605,"column":28}},"243":{"start":{"line":607,"column":4},"end":{"line":607,"column":45}},"244":{"start":{"line":608,"column":4},"end":{"line":608,"column":108}},"245":{"start":{"line":614,"column":0},"end":{"line":655,"column":3}},"246":{"start":{"line":615,"column":2},"end":{"line":654,"column":3}},"247":{"start":{"line":616,"column":21},"end":{"line":643,"column":5}},"248":{"start":{"line":645,"column":19},"end":{"line":648,"column":16}},"249":{"start":{"line":650,"column":4},"end":{"line":650,"column":21}},"250":{"start":{"line":652,"column":4},"end":{"line":652,"column":44}},"251":{"start":{"line":653,"column":4},"end":{"line":653,"column":109}},"252":{"start":{"line":657,"column":0},"end":{"line":657,"column":24}}},"fnMap":{"0":{"name":"cleanupCache","decl":{"start":{"line":22,"column":9},"end":{"line":22,"column":21}},"loc":{"start":{"line":22,"column":24},"end":{"line":50,"column":1}},"line":22},"1":{"name":"(anonymous_1)","decl":{"start":{"line":38,"column":17},"end":{"line":38,"column":18}},"loc":{"start":{"line":38,"column":27},"end":{"line":38,"column":58}},"line":38},"2":{"name":"(anonymous_2)","decl":{"start":{"line":41,"column":21},"end":{"line":41,"column":22}},"loc":{"start":{"line":41,"column":32},"end":{"line":44,"column":5}},"line":41},"3":{"name":"preWarmCurrentMonth","decl":{"start":{"line":59,"column":15},"end":{"line":59,"column":34}},"loc":{"start":{"line":59,"column":37},"end":{"line":78,"column":1}},"line":59},"4":{"name":"(anonymous_4)","decl":{"start":{"line":87,"column":11},"end":{"line":87,"column":12}},"loc":{"start":{"line":87,"column":17},"end":{"line":91,"column":1}},"line":87},"5":{"name":"getQuestionOrderForMonth","decl":{"start":{"line":102,"column":15},"end":{"line":102,"column":39}},"loc":{"start":{"line":102,"column":64},"end":{"line":238,"column":1}},"line":102},"6":{"name":"(anonymous_6)","decl":{"start":{"line":160,"column":60},"end":{"line":160,"column":61}},"loc":{"start":{"line":161,"column":8},"end":{"line":161,"column":64}},"line":161},"7":{"name":"(anonymous_7)","decl":{"start":{"line":178,"column":31},"end":{"line":178,"column":32}},"loc":{"start":{"line":178,"column":45},"end":{"line":191,"column":9}},"line":178},"8":{"name":"(anonymous_8)","decl":{"start":{"line":182,"column":55},"end":{"line":182,"column":56}},"loc":{"start":{"line":182,"column":60},"end":{"line":182,"column":95}},"line":182},"9":{"name":"(anonymous_9)","decl":{"start":{"line":247,"column":31},"end":{"line":247,"column":32}},"loc":{"start":{"line":247,"column":51},"end":{"line":253,"column":1}},"line":247},"10":{"name":"(anonymous_10)","decl":{"start":{"line":253,"column":3},"end":{"line":253,"column":4}},"loc":{"start":{"line":253,"column":23},"end":{"line":259,"column":1}},"line":253},"11":{"name":"(anonymous_11)","decl":{"start":{"line":259,"column":3},"end":{"line":259,"column":4}},"loc":{"start":{"line":259,"column":23},"end":{"line":300,"column":1}},"line":259},"12":{"name":"(anonymous_12)","decl":{"start":{"line":271,"column":17},"end":{"line":271,"column":18}},"loc":{"start":{"line":271,"column":24},"end":{"line":290,"column":5}},"line":271},"13":{"name":"(anonymous_13)","decl":{"start":{"line":272,"column":28},"end":{"line":272,"column":29}},"loc":{"start":{"line":272,"column":33},"end":{"line":289,"column":7}},"line":272},"14":{"name":"(anonymous_14)","decl":{"start":{"line":280,"column":52},"end":{"line":280,"column":53}},"loc":{"start":{"line":280,"column":57},"end":{"line":280,"column":72}},"line":280},"15":{"name":"(anonymous_15)","decl":{"start":{"line":282,"column":50},"end":{"line":282,"column":51}},"loc":{"start":{"line":283,"column":16},"end":{"line":283,"column":73}},"line":283},"16":{"name":"(anonymous_16)","decl":{"start":{"line":294,"column":55},"end":{"line":294,"column":56}},"loc":{"start":{"line":294,"column":65},"end":{"line":294,"column":82}},"line":294},"17":{"name":"(anonymous_17)","decl":{"start":{"line":303,"column":19},"end":{"line":303,"column":20}},"loc":{"start":{"line":303,"column":49},"end":{"line":313,"column":1}},"line":303},"18":{"name":"(anonymous_18)","decl":{"start":{"line":317,"column":25},"end":{"line":317,"column":26}},"loc":{"start":{"line":317,"column":45},"end":{"line":352,"column":1}},"line":317},"19":{"name":"(anonymous_19)","decl":{"start":{"line":328,"column":26},"end":{"line":328,"column":27}},"loc":{"start":{"line":328,"column":35},"end":{"line":328,"column":77}},"line":328},"20":{"name":"(anonymous_20)","decl":{"start":{"line":356,"column":7},"end":{"line":356,"column":8}},"loc":{"start":{"line":356,"column":21},"end":{"line":358,"column":3}},"line":356},"21":{"name":"(anonymous_21)","decl":{"start":{"line":359,"column":28},"end":{"line":359,"column":29}},"loc":{"start":{"line":359,"column":48},"end":{"line":367,"column":3}},"line":359},"22":{"name":"(anonymous_22)","decl":{"start":{"line":401,"column":23},"end":{"line":401,"column":24}},"loc":{"start":{"line":401,"column":43},"end":{"line":610,"column":1}},"line":401},"23":{"name":"(anonymous_23)","decl":{"start":{"line":405,"column":52},"end":{"line":405,"column":53}},"loc":{"start":{"line":405,"column":57},"end":{"line":405,"column":72}},"line":405},"24":{"name":"(anonymous_24)","decl":{"start":{"line":465,"column":27},"end":{"line":465,"column":28}},"loc":{"start":{"line":465,"column":52},"end":{"line":482,"column":5}},"line":465},"25":{"name":"(anonymous_25)","decl":{"start":{"line":485,"column":11},"end":{"line":485,"column":12}},"loc":{"start":{"line":485,"column":35},"end":{"line":485,"column":54}},"line":485},"26":{"name":"decodeHtmlEntities","decl":{"start":{"line":491,"column":13},"end":{"line":491,"column":31}},"loc":{"start":{"line":491,"column":38},"end":{"line":500,"column":5}},"line":491},"27":{"name":"(anonymous_27)","decl":{"start":{"line":503,"column":23},"end":{"line":503,"column":24}},"loc":{"start":{"line":503,"column":31},"end":{"line":511,"column":5}},"line":503},"28":{"name":"(anonymous_28)","decl":{"start":{"line":505,"column":27},"end":{"line":505,"column":28}},"loc":{"start":{"line":505,"column":39},"end":{"line":509,"column":9}},"line":505},"29":{"name":"(anonymous_29)","decl":{"start":{"line":514,"column":24},"end":{"line":514,"column":25}},"loc":{"start":{"line":514,"column":32},"end":{"line":522,"column":5}},"line":514},"30":{"name":"(anonymous_30)","decl":{"start":{"line":516,"column":27},"end":{"line":516,"column":28}},"loc":{"start":{"line":516,"column":39},"end":{"line":520,"column":9}},"line":516},"31":{"name":"(anonymous_31)","decl":{"start":{"line":530,"column":29},"end":{"line":530,"column":30}},"loc":{"start":{"line":530,"column":45},"end":{"line":534,"column":7}},"line":530},"32":{"name":"(anonymous_32)","decl":{"start":{"line":537,"column":16},"end":{"line":537,"column":17}},"loc":{"start":{"line":537,"column":37},"end":{"line":537,"column":55}},"line":537},"33":{"name":"(anonymous_33)","decl":{"start":{"line":556,"column":26},"end":{"line":556,"column":27}},"loc":{"start":{"line":556,"column":44},"end":{"line":566,"column":7}},"line":556},"34":{"name":"(anonymous_34)","decl":{"start":{"line":560,"column":53},"end":{"line":560,"column":54}},"loc":{"start":{"line":560,"column":58},"end":{"line":560,"column":93}},"line":560},"35":{"name":"(anonymous_35)","decl":{"start":{"line":576,"column":42},"end":{"line":576,"column":43}},"loc":{"start":{"line":576,"column":52},"end":{"line":589,"column":5}},"line":576},"36":{"name":"(anonymous_36)","decl":{"start":{"line":581,"column":43},"end":{"line":581,"column":44}},"loc":{"start":{"line":581,"column":48},"end":{"line":581,"column":84}},"line":581},"37":{"name":"(anonymous_37)","decl":{"start":{"line":582,"column":43},"end":{"line":582,"column":44}},"loc":{"start":{"line":582,"column":48},"end":{"line":582,"column":84}},"line":582},"38":{"name":"(anonymous_38)","decl":{"start":{"line":594,"column":28},"end":{"line":594,"column":29}},"loc":{"start":{"line":594,"column":38},"end":{"line":597,"column":7}},"line":594},"39":{"name":"(anonymous_39)","decl":{"start":{"line":599,"column":28},"end":{"line":599,"column":29}},"loc":{"start":{"line":599,"column":45},"end":{"line":602,"column":7}},"line":599},"40":{"name":"(anonymous_40)","decl":{"start":{"line":614,"column":22},"end":{"line":614,"column":23}},"loc":{"start":{"line":614,"column":42},"end":{"line":655,"column":1}},"line":614}},"branchMap":{"0":{"loc":{"start":{"line":11,"column":27},"end":{"line":11,"column":89}},"type":"binary-expr","locations":[{"start":{"line":11,"column":27},"end":{"line":11,"column":57}},{"start":{"line":11,"column":61},"end":{"line":11,"column":89}}],"line":11},"1":{"loc":{"start":{"line":28,"column":4},"end":{"line":31,"column":5}},"type":"if","locations":[{"start":{"line":28,"column":4},"end":{"line":31,"column":5}},{"start":{},"end":{}}],"line":28},"2":{"loc":{"start":{"line":35,"column":2},"end":{"line":45,"column":3}},"type":"if","locations":[{"start":{"line":35,"column":2},"end":{"line":45,"column":3}},{"start":{},"end":{}}],"line":35},"3":{"loc":{"start":{"line":47,"column":2},"end":{"line":49,"column":3}},"type":"if","locations":[{"start":{"line":47,"column":2},"end":{"line":49,"column":3}},{"start":{},"end":{}}],"line":47},"4":{"loc":{"start":{"line":71,"column":4},"end":{"line":74,"column":5}},"type":"if","locations":[{"start":{"line":71,"column":4},"end":{"line":74,"column":5}},{"start":{},"end":{}}],"line":71},"5":{"loc":{"start":{"line":114,"column":2},"end":{"line":118,"column":3}},"type":"if","locations":[{"start":{"line":114,"column":2},"end":{"line":118,"column":3}},{"start":{},"end":{}}],"line":114},"6":{"loc":{"start":{"line":114,"column":6},"end":{"line":114,"column":52}},"type":"binary-expr","locations":[{"start":{"line":114,"column":6},"end":{"line":114,"column":12}},{"start":{"line":114,"column":16},"end":{"line":114,"column":52}}],"line":114},"7":{"loc":{"start":{"line":136,"column":4},"end":{"line":139,"column":5}},"type":"if","locations":[{"start":{"line":136,"column":4},"end":{"line":139,"column":5}},{"start":{},"end":{}}],"line":136},"8":{"loc":{"start":{"line":145,"column":4},"end":{"line":148,"column":5}},"type":"if","locations":[{"start":{"line":145,"column":4},"end":{"line":148,"column":5}},{"start":{},"end":{}}],"line":145},"9":{"loc":{"start":{"line":154,"column":21},"end":{"line":154,"column":57}},"type":"binary-expr","locations":[{"start":{"line":154,"column":21},"end":{"line":154,"column":52}},{"start":{"line":154,"column":56},"end":{"line":154,"column":57}}],"line":154},"10":{"loc":{"start":{"line":159,"column":4},"end":{"line":200,"column":5}},"type":"if","locations":[{"start":{"line":159,"column":4},"end":{"line":200,"column":5}},{"start":{},"end":{}}],"line":159},"11":{"loc":{"start":{"line":161,"column":8},"end":{"line":161,"column":64}},"type":"binary-expr","locations":[{"start":{"line":161,"column":8},"end":{"line":161,"column":9}},{"start":{"line":161,"column":13},"end":{"line":161,"column":43}},{"start":{"line":161,"column":47},"end":{"line":161,"column":64}}],"line":161},"12":{"loc":{"start":{"line":165,"column":6},"end":{"line":172,"column":7}},"type":"if","locations":[{"start":{"line":165,"column":6},"end":{"line":172,"column":7}},{"start":{},"end":{}}],"line":165},"13":{"loc":{"start":{"line":174,"column":6},"end":{"line":199,"column":7}},"type":"if","locations":[{"start":{"line":174,"column":6},"end":{"line":199,"column":7}},{"start":{"line":194,"column":13},"end":{"line":199,"column":7}}],"line":174},"14":{"loc":{"start":{"line":179,"column":10},"end":{"line":190,"column":11}},"type":"if","locations":[{"start":{"line":179,"column":10},"end":{"line":190,"column":11}},{"start":{},"end":{}}],"line":179},"15":{"loc":{"start":{"line":181,"column":12},"end":{"line":189,"column":13}},"type":"if","locations":[{"start":{"line":181,"column":12},"end":{"line":189,"column":13}},{"start":{},"end":{}}],"line":181},"16":{"loc":{"start":{"line":183,"column":14},"end":{"line":188,"column":15}},"type":"if","locations":[{"start":{"line":183,"column":14},"end":{"line":188,"column":15}},{"start":{"line":186,"column":21},"end":{"line":188,"column":15}}],"line":183},"17":{"loc":{"start":{"line":230,"column":4},"end":{"line":233,"column":5}},"type":"if","locations":[{"start":{"line":230,"column":4},"end":{"line":233,"column":5}},{"start":{},"end":{}}],"line":230},"18":{"loc":{"start":{"line":236,"column":11},"end":{"line":236,"column":56}},"type":"cond-expr","locations":[{"start":{"line":236,"column":38},"end":{"line":236,"column":51}},{"start":{"line":236,"column":54},"end":{"line":236,"column":56}}],"line":236},"19":{"loc":{"start":{"line":249,"column":2},"end":{"line":251,"column":3}},"type":"if","locations":[{"start":{"line":249,"column":2},"end":{"line":251,"column":3}},{"start":{},"end":{}}],"line":249},"20":{"loc":{"start":{"line":255,"column":2},"end":{"line":257,"column":3}},"type":"if","locations":[{"start":{"line":255,"column":2},"end":{"line":257,"column":3}},{"start":{},"end":{}}],"line":255},"21":{"loc":{"start":{"line":255,"column":6},"end":{"line":255,"column":42}},"type":"binary-expr","locations":[{"start":{"line":255,"column":6},"end":{"line":255,"column":18}},{"start":{"line":255,"column":22},"end":{"line":255,"column":42}}],"line":255},"22":{"loc":{"start":{"line":273,"column":8},"end":{"line":288,"column":9}},"type":"if","locations":[{"start":{"line":273,"column":8},"end":{"line":288,"column":9}},{"start":{},"end":{}}],"line":273},"23":{"loc":{"start":{"line":273,"column":12},"end":{"line":273,"column":46}},"type":"binary-expr","locations":[{"start":{"line":273,"column":12},"end":{"line":273,"column":22}},{"start":{"line":273,"column":26},"end":{"line":273,"column":46}}],"line":273},"24":{"loc":{"start":{"line":275,"column":10},"end":{"line":286,"column":11}},"type":"if","locations":[{"start":{"line":275,"column":10},"end":{"line":286,"column":11}},{"start":{},"end":{}}],"line":275},"25":{"loc":{"start":{"line":283,"column":19},"end":{"line":283,"column":38}},"type":"cond-expr","locations":[{"start":{"line":283,"column":31},"end":{"line":283,"column":34}},{"start":{"line":283,"column":37},"end":{"line":283,"column":38}}],"line":283},"26":{"loc":{"start":{"line":306,"column":4},"end":{"line":306,"column":95}},"type":"if","locations":[{"start":{"line":306,"column":4},"end":{"line":306,"column":95}},{"start":{},"end":{}}],"line":306},"27":{"loc":{"start":{"line":319,"column":30},"end":{"line":319,"column":64}},"type":"binary-expr","locations":[{"start":{"line":319,"column":30},"end":{"line":319,"column":58}},{"start":{"line":319,"column":63},"end":{"line":319,"column":64}}],"line":319},"28":{"loc":{"start":{"line":320,"column":44},"end":{"line":320,"column":79}},"type":"binary-expr","locations":[{"start":{"line":320,"column":44},"end":{"line":320,"column":73}},{"start":{"line":320,"column":77},"end":{"line":320,"column":79}}],"line":320},"29":{"loc":{"start":{"line":326,"column":4},"end":{"line":331,"column":5}},"type":"if","locations":[{"start":{"line":326,"column":4},"end":{"line":331,"column":5}},{"start":{},"end":{}}],"line":326},"30":{"loc":{"start":{"line":346,"column":14},"end":{"line":346,"column":28}},"type":"binary-expr","locations":[{"start":{"line":346,"column":14},"end":{"line":346,"column":20}},{"start":{"line":346,"column":24},"end":{"line":346,"column":28}}],"line":346},"31":{"loc":{"start":{"line":404,"column":4},"end":{"line":410,"column":5}},"type":"if","locations":[{"start":{"line":404,"column":4},"end":{"line":410,"column":5}},{"start":{},"end":{}}],"line":404},"32":{"loc":{"start":{"line":404,"column":8},"end":{"line":404,"column":52}},"type":"binary-expr","locations":[{"start":{"line":404,"column":8},"end":{"line":404,"column":23}},{"start":{"line":404,"column":27},"end":{"line":404,"column":52}}],"line":404},"33":{"loc":{"start":{"line":469,"column":6},"end":{"line":472,"column":7}},"type":"if","locations":[{"start":{"line":469,"column":6},"end":{"line":472,"column":7}},{"start":{},"end":{}}],"line":469},"34":{"loc":{"start":{"line":475,"column":6},"end":{"line":477,"column":7}},"type":"if","locations":[{"start":{"line":475,"column":6},"end":{"line":477,"column":7}},{"start":{},"end":{}}],"line":475},"35":{"loc":{"start":{"line":480,"column":28},"end":{"line":480,"column":53}},"type":"binary-expr","locations":[{"start":{"line":480,"column":28},"end":{"line":480,"column":47}},{"start":{"line":480,"column":51},"end":{"line":480,"column":53}}],"line":480},"36":{"loc":{"start":{"line":492,"column":6},"end":{"line":492,"column":57}},"type":"if","locations":[{"start":{"line":492,"column":6},"end":{"line":492,"column":57}},{"start":{},"end":{}}],"line":492},"37":{"loc":{"start":{"line":492,"column":10},"end":{"line":492,"column":43}},"type":"binary-expr","locations":[{"start":{"line":492,"column":10},"end":{"line":492,"column":15}},{"start":{"line":492,"column":19},"end":{"line":492,"column":43}}],"line":492},"38":{"loc":{"start":{"line":504,"column":6},"end":{"line":510,"column":7}},"type":"if","locations":[{"start":{"line":504,"column":6},"end":{"line":510,"column":7}},{"start":{},"end":{}}],"line":504},"39":{"loc":{"start":{"line":506,"column":10},"end":{"line":508,"column":11}},"type":"if","locations":[{"start":{"line":506,"column":10},"end":{"line":508,"column":11}},{"start":{},"end":{}}],"line":506},"40":{"loc":{"start":{"line":515,"column":6},"end":{"line":521,"column":7}},"type":"if","locations":[{"start":{"line":515,"column":6},"end":{"line":521,"column":7}},{"start":{},"end":{}}],"line":515},"41":{"loc":{"start":{"line":517,"column":10},"end":{"line":519,"column":11}},"type":"if","locations":[{"start":{"line":517,"column":10},"end":{"line":519,"column":11}},{"start":{},"end":{}}],"line":517},"42":{"loc":{"start":{"line":525,"column":4},"end":{"line":542,"column":5}},"type":"if","locations":[{"start":{"line":525,"column":4},"end":{"line":542,"column":5}},{"start":{},"end":{}}],"line":525},"43":{"loc":{"start":{"line":525,"column":8},"end":{"line":525,"column":69}},"type":"binary-expr","locations":[{"start":{"line":525,"column":8},"end":{"line":525,"column":46}},{"start":{"line":525,"column":50},"end":{"line":525,"column":69}}],"line":525},"44":{"loc":{"start":{"line":532,"column":8},"end":{"line":532,"column":75}},"type":"if","locations":[{"start":{"line":532,"column":8},"end":{"line":532,"column":75}},{"start":{},"end":{}}],"line":532},"45":{"loc":{"start":{"line":539,"column":6},"end":{"line":541,"column":7}},"type":"if","locations":[{"start":{"line":539,"column":6},"end":{"line":541,"column":7}},{"start":{},"end":{}}],"line":539},"46":{"loc":{"start":{"line":548,"column":21},"end":{"line":548,"column":45}},"type":"binary-expr","locations":[{"start":{"line":548,"column":21},"end":{"line":548,"column":36}},{"start":{"line":548,"column":40},"end":{"line":548,"column":45}}],"line":548},"47":{"loc":{"start":{"line":554,"column":4},"end":{"line":567,"column":5}},"type":"if","locations":[{"start":{"line":554,"column":4},"end":{"line":567,"column":5}},{"start":{},"end":{}}],"line":554},"48":{"loc":{"start":{"line":554,"column":33},"end":{"line":554,"column":62}},"type":"cond-expr","locations":[{"start":{"line":554,"column":57},"end":{"line":554,"column":58}},{"start":{"line":554,"column":61},"end":{"line":554,"column":62}}],"line":554},"49":{"loc":{"start":{"line":557,"column":8},"end":{"line":565,"column":9}},"type":"if","locations":[{"start":{"line":557,"column":8},"end":{"line":565,"column":9}},{"start":{},"end":{}}],"line":557},"50":{"loc":{"start":{"line":557,"column":12},"end":{"line":557,"column":42}},"type":"binary-expr","locations":[{"start":{"line":557,"column":12},"end":{"line":557,"column":20}},{"start":{"line":557,"column":24},"end":{"line":557,"column":42}}],"line":557},"51":{"loc":{"start":{"line":559,"column":10},"end":{"line":564,"column":11}},"type":"if","locations":[{"start":{"line":559,"column":10},"end":{"line":564,"column":11}},{"start":{},"end":{}}],"line":559},"52":{"loc":{"start":{"line":561,"column":12},"end":{"line":563,"column":13}},"type":"if","locations":[{"start":{"line":561,"column":12},"end":{"line":563,"column":13}},{"start":{},"end":{}}],"line":561},"53":{"loc":{"start":{"line":585,"column":6},"end":{"line":585,"column":55}},"type":"if","locations":[{"start":{"line":585,"column":6},"end":{"line":585,"column":55}},{"start":{},"end":{}}],"line":585},"54":{"loc":{"start":{"line":586,"column":6},"end":{"line":586,"column":55}},"type":"if","locations":[{"start":{"line":586,"column":6},"end":{"line":586,"column":55}},{"start":{},"end":{}}],"line":586},"55":{"loc":{"start":{"line":592,"column":4},"end":{"line":603,"column":5}},"type":"if","locations":[{"start":{"line":592,"column":4},"end":{"line":603,"column":5}},{"start":{},"end":{}}],"line":592},"56":{"loc":{"start":{"line":592,"column":8},"end":{"line":592,"column":69}},"type":"binary-expr","locations":[{"start":{"line":592,"column":8},"end":{"line":592,"column":46}},{"start":{"line":592,"column":50},"end":{"line":592,"column":69}}],"line":592},"57":{"loc":{"start":{"line":595,"column":45},"end":{"line":595,"column":71}},"type":"cond-expr","locations":[{"start":{"line":595,"column":61},"end":{"line":595,"column":66}},{"start":{"line":595,"column":69},"end":{"line":595,"column":71}}],"line":595},"58":{"loc":{"start":{"line":600,"column":57},"end":{"line":600,"column":95}},"type":"cond-expr","locations":[{"start":{"line":600,"column":85},"end":{"line":600,"column":90}},{"start":{"line":600,"column":93},"end":{"line":600,"column":95}}],"line":600}},"s":{"0":7,"1":7,"2":7,"3":7,"4":7,"5":7,"6":7,"7":7,"8":7,"9":7,"10":7,"11":0,"12":0,"13":0,"14":0,"15":0,"16":0,"17":0,"18":0,"19":0,"20":0,"21":0,"22":0,"23":0,"24":0,"25":0,"26":0,"27":7,"28":0,"29":0,"30":0,"31":0,"32":0,"33":0,"34":0,"35":7,"36":7,"37":7,"38":7,"39":7,"40":0,"41":0,"42":2,"43":2,"44":2,"45":2,"46":2,"47":0,"48":0,"49":0,"50":2,"51":2,"52":2,"53":2,"54":2,"55":2,"56":2,"57":2,"58":2,"59":2,"60":2,"61":2,"62":0,"63":0,"64":2,"65":2,"66":2,"67":2,"68":4,"69":2,"70":2,"71":0,"72":2,"73":2,"74":2,"75":2,"76":4,"77":2,"78":2,"79":2,"80":2,"81":2,"82":2,"83":2,"84":0,"85":2,"86":0,"87":2,"88":2,"89":2,"90":2,"91":0,"92":0,"93":0,"94":0,"95":0,"96":7,"97":7,"98":7,"99":0,"100":0,"101":0,"102":0,"103":0,"104":0,"105":0,"106":0,"107":0,"108":0,"109":0,"110":0,"111":0,"112":0,"113":0,"114":0,"115":0,"116":0,"117":0,"118":0,"119":0,"120":0,"121":0,"122":0,"123":7,"124":9,"125":9,"126":3,"127":1,"128":2,"129":2,"130":6,"131":6,"132":7,"133":7,"134":7,"135":7,"136":7,"137":7,"138":7,"139":7,"140":0,"141":0,"142":0,"143":0,"144":7,"145":7,"146":7,"147":3,"148":4,"149":4,"150":7,"151":1,"152":1,"153":1,"154":1,"155":0,"156":0,"157":7,"158":2,"159":2,"160":2,"161":1,"162":2,"163":1,"164":2,"165":2,"166":2,"167":2,"168":2,"169":2,"170":2,"171":2,"172":2,"173":2,"174":0,"175":0,"176":2,"177":2,"178":2,"179":2,"180":2,"181":2,"182":2,"183":4,"184":0,"185":4,"186":2,"187":2,"188":2,"189":2,"190":2,"191":2,"192":2,"193":2,"194":2,"195":2,"196":2,"197":0,"198":0,"199":0,"200":0,"201":0,"202":0,"203":0,"204":0,"205":0,"206":0,"207":0,"208":2,"209":2,"210":2,"211":0,"212":0,"213":0,"214":0,"215":0,"216":0,"217":0,"218":0,"219":0,"220":2,"221":2,"222":2,"223":2,"224":2,"225":4,"226":2,"227":2,"228":2,"229":0,"230":2,"231":0,"232":2,"233":2,"234":0,"235":0,"236":0,"237":0,"238":0,"239":0,"240":0,"241":0,"242":2,"243":0,"244":0,"245":7,"246":1,"247":1,"248":1,"249":1,"250":0,"251":0,"252":7},"f":{"0":0,"1":0,"2":0,"3":0,"4":0,"5":2,"6":4,"7":4,"8":2,"9":0,"10":0,"11":0,"12":0,"13":0,"14":0,"15":0,"16":0,"17":9,"18":7,"19":0,"20":1,"21":1,"22":2,"23":2,"24":2,"25":2,"26":4,"27":2,"28":2,"29":2,"30":2,"31":0,"32":0,"33":0,"34":0,"35":2,"36":4,"37":2,"38":0,"39":0,"40":1},"b":{"0":[7,7],"1":[0,0],"2":[0,0],"3":[0,0],"4":[0,0],"5":[0,2],"6":[2,0],"7":[2,0],"8":[0,2],"9":[2,0],"10":[2,0],"11":[4,4,4],"12":[0,2],"13":[2,0],"14":[2,2],"15":[2,0],"16":[2,0],"17":[0,0],"18":[0,0],"19":[0,0],"20":[0,0],"21":[0,0],"22":[0,0],"23":[0,0],"24":[0,0],"25":[0,0],"26":[1,2],"27":[7,3],"28":[7,3],"29":[0,7],"30":[3,3],"31":[1,1],"32":[2,1],"33":[0,2],"34":[2,0],"35":[2,2],"36":[0,4],"37":[4,4],"38":[2,0],"39":[2,0],"40":[2,0],"41":[2,0],"42":[0,2],"43":[2,0],"44":[0,0],"45":[0,0],"46":[2,1],"47":[0,2],"48":[2,0],"49":[0,0],"50":[0,0],"51":[0,0],"52":[0,0],"53":[0,2],"54":[0,2],"55":[0,2],"56":[2,0],"57":[0,0],"58":[0,0]},"_coverageSchema":"1a1c01bbd47fc00a2c39e90264f33305004495a9","hash":"4e4786161cc710461f690875ea5a3fcae2037cd5"}
,"/Users/ririnator/Desktop/FAF/backend/routes/formRoutes.js": {"path":"/Users/ririnator/Desktop/FAF/backend/routes/formRoutes.js","statementMap":{"0":{"start":{"line":1,"column":16},"end":{"line":1,"column":34}},"1":{"start":{"line":2,"column":15},"end":{"line":2,"column":31}},"2":{"start":{"line":3,"column":17},"end":{"line":3,"column":46}},"3":{"start":{"line":5,"column":0},"end":{"line":38,"column":3}},"4":{"start":{"line":6,"column":2},"end":{"line":37,"column":3}},"5":{"start":{"line":8,"column":32},"end":{"line":8,"column":40}},"6":{"start":{"line":11,"column":18},"end":{"line":11,"column":54}},"7":{"start":{"line":14,"column":20},"end":{"line":14,"column":100}},"8":{"start":{"line":17,"column":18},"end":{"line":17,"column":84}},"9":{"start":{"line":20,"column":24},"end":{"line":26,"column":6}},"10":{"start":{"line":28,"column":4},"end":{"line":28,"column":29}},"11":{"start":{"line":29,"column":4},"end":{"line":33,"column":7}},"12":{"start":{"line":35,"column":4},"end":{"line":35,"column":62}},"13":{"start":{"line":36,"column":4},"end":{"line":36,"column":87}},"14":{"start":{"line":40,"column":0},"end":{"line":40,"column":24}}},"fnMap":{"0":{"name":"(anonymous_0)","decl":{"start":{"line":5,"column":25},"end":{"line":5,"column":26}},"loc":{"start":{"line":5,"column":45},"end":{"line":38,"column":1}},"line":5}},"branchMap":{"0":{"loc":{"start":{"line":14,"column":20},"end":{"line":14,"column":100}},"type":"binary-expr","locations":[{"start":{"line":14,"column":20},"end":{"line":14,"column":24}},{"start":{"line":14,"column":28},"end":{"line":14,"column":100}}],"line":14},"1":{"loc":{"start":{"line":17,"column":18},"end":{"line":17,"column":84}},"type":"cond-expr","locations":[{"start":{"line":17,"column":28},"end":{"line":17,"column":32}},{"start":{"line":17,"column":35},"end":{"line":17,"column":84}}],"line":17},"2":{"loc":{"start":{"line":32,"column":10},"end":{"line":32,"column":113}},"type":"binary-expr","locations":[{"start":{"line":32,"column":10},"end":{"line":32,"column":15}},{"start":{"line":32,"column":19},"end":{"line":32,"column":113}}],"line":32},"3":{"loc":{"start":{"line":32,"column":33},"end":{"line":32,"column":84}},"type":"binary-expr","locations":[{"start":{"line":32,"column":33},"end":{"line":32,"column":57}},{"start":{"line":32,"column":61},"end":{"line":32,"column":84}}],"line":32}},"s":{"0":5,"1":5,"2":5,"3":5,"4":24,"5":24,"6":24,"7":24,"8":24,"9":24,"10":24,"11":16,"12":8,"13":8,"14":5},"f":{"0":24},"b":{"0":[24,19],"1":[1,23],"2":[16,15],"3":[15,0]},"_coverageSchema":"1a1c01bbd47fc00a2c39e90264f33305004495a9","hash":"674dd2032a24752c2e2563a25112d7cb4a224209"}
,"/Users/ririnator/Desktop/FAF/backend/routes/responseRoutes.js": {"path":"/Users/ririnator/Desktop/FAF/backend/routes/responseRoutes.js","statementMap":{"0":{"start":{"line":3,"column":16},"end":{"line":3,"column":34}},"1":{"start":{"line":4,"column":15},"end":{"line":4,"column":32}},"2":{"start":{"line":5,"column":15},"end":{"line":5,"column":31}},"3":{"start":{"line":7,"column":17},"end":{"line":7,"column":46}},"4":{"start":{"line":8,"column":77},"end":{"line":8,"column":112}},"5":{"start":{"line":9,"column":33},"end":{"line":9,"column":68}},"6":{"start":{"line":12,"column":0},"end":{"line":92,"column":2}},"7":{"start":{"line":21,"column":32},"end":{"line":21,"column":40}},"8":{"start":{"line":22,"column":18},"end":{"line":22,"column":54}},"9":{"start":{"line":23,"column":20},"end":{"line":23,"column":92}},"10":{"start":{"line":25,"column":18},"end":{"line":27,"column":44}},"11":{"start":{"line":29,"column":2},"end":{"line":90,"column":5}},"12":{"start":{"line":33,"column":4},"end":{"line":72,"column":5}},"13":{"start":{"line":34,"column":21},"end":{"line":52,"column":7}},"14":{"start":{"line":55,"column":6},"end":{"line":59,"column":7}},"15":{"start":{"line":56,"column":8},"end":{"line":58,"column":11}},"16":{"start":{"line":61,"column":6},"end":{"line":61,"column":21}},"17":{"start":{"line":64,"column":26},"end":{"line":70,"column":8}},"18":{"start":{"line":71,"column":6},"end":{"line":71,"column":39}},"19":{"start":{"line":75,"column":22},"end":{"line":75,"column":73}},"20":{"start":{"line":76,"column":19},"end":{"line":78,"column":14}},"21":{"start":{"line":80,"column":24},"end":{"line":80,"column":62}},"22":{"start":{"line":81,"column":6},"end":{"line":86,"column":9}},"23":{"start":{"line":88,"column":6},"end":{"line":88,"column":64}},"24":{"start":{"line":89,"column":6},"end":{"line":89,"column":84}},"25":{"start":{"line":94,"column":0},"end":{"line":94,"column":24}}},"fnMap":{"0":{"name":"(anonymous_0)","decl":{"start":{"line":18,"column":2},"end":{"line":18,"column":3}},"loc":{"start":{"line":18,"column":22},"end":{"line":91,"column":3}},"line":18}},"branchMap":{"0":{"loc":{"start":{"line":25,"column":18},"end":{"line":27,"column":44}},"type":"cond-expr","locations":[{"start":{"line":26,"column":6},"end":{"line":26,"column":15}},{"start":{"line":27,"column":6},"end":{"line":27,"column":44}}],"line":25},"1":{"loc":{"start":{"line":33,"column":4},"end":{"line":72,"column":5}},"type":"if","locations":[{"start":{"line":33,"column":4},"end":{"line":72,"column":5}},{"start":{"line":62,"column":11},"end":{"line":72,"column":5}}],"line":33},"2":{"loc":{"start":{"line":55,"column":6},"end":{"line":59,"column":7}},"type":"if","locations":[{"start":{"line":55,"column":6},"end":{"line":59,"column":7}},{"start":{},"end":{}}],"line":55},"3":{"loc":{"start":{"line":75,"column":22},"end":{"line":75,"column":73}},"type":"binary-expr","locations":[{"start":{"line":75,"column":22},"end":{"line":75,"column":46}},{"start":{"line":75,"column":50},"end":{"line":75,"column":73}}],"line":75},"4":{"loc":{"start":{"line":76,"column":19},"end":{"line":78,"column":14}},"type":"cond-expr","locations":[{"start":{"line":77,"column":10},"end":{"line":77,"column":36}},{"start":{"line":78,"column":10},"end":{"line":78,"column":14}}],"line":76},"5":{"loc":{"start":{"line":80,"column":24},"end":{"line":80,"column":62}},"type":"binary-expr","locations":[{"start":{"line":80,"column":24},"end":{"line":80,"column":51}},{"start":{"line":80,"column":55},"end":{"line":80,"column":62}}],"line":80}},"s":{"0":7,"1":7,"2":7,"3":7,"4":7,"5":7,"6":7,"7":21,"8":21,"9":21,"10":21,"11":21,"12":21,"13":5,"14":5,"15":0,"16":5,"17":16,"18":16,"19":19,"20":19,"21":19,"22":19,"23":2,"24":2,"25":7},"f":{"0":21},"b":{"0":[5,16],"1":[5,16],"2":[0,5],"3":[19,0],"4":[14,5],"5":[19,1]},"_coverageSchema":"1a1c01bbd47fc00a2c39e90264f33305004495a9","hash":"1bcbf8b2013989171c77f3382e44b608ad273c13"}
,"/Users/ririnator/Desktop/FAF/backend/routes/upload.js": {"path":"/Users/ririnator/Desktop/FAF/backend/routes/upload.js","statementMap":{"0":{"start":{"line":2,"column":30},"end":{"line":2,"column":48}},"1":{"start":{"line":3,"column":30},"end":{"line":3,"column":47}},"2":{"start":{"line":4,"column":30},"end":{"line":4,"column":66}},"3":{"start":{"line":5,"column":30},"end":{"line":5,"column":61}},"4":{"start":{"line":6,"column":30},"end":{"line":6,"column":46}},"5":{"start":{"line":9,"column":16},"end":{"line":16,"column":2}},"6":{"start":{"line":14,"column":6},"end":{"line":14,"column":63}},"7":{"start":{"line":19,"column":15},"end":{"line":34,"column":2}},"8":{"start":{"line":28,"column":4},"end":{"line":32,"column":5}},"9":{"start":{"line":29,"column":6},"end":{"line":29,"column":21}},"10":{"start":{"line":31,"column":6},"end":{"line":31,"column":70}},"11":{"start":{"line":37,"column":0},"end":{"line":62,"column":5}},"12":{"start":{"line":38,"column":4},"end":{"line":61,"column":7}},"13":{"start":{"line":39,"column":6},"end":{"line":42,"column":7}},"14":{"start":{"line":40,"column":8},"end":{"line":40,"column":59}},"15":{"start":{"line":41,"column":8},"end":{"line":41,"column":87}},"16":{"start":{"line":43,"column":6},"end":{"line":45,"column":7}},"17":{"start":{"line":44,"column":8},"end":{"line":44,"column":71}},"18":{"start":{"line":48,"column":26},"end":{"line":48,"column":39}},"19":{"start":{"line":49,"column":39},"end":{"line":49,"column":108}},"20":{"start":{"line":51,"column":6},"end":{"line":57,"column":7}},"21":{"start":{"line":52,"column":8},"end":{"line":52,"column":82}},"22":{"start":{"line":53,"column":8},"end":{"line":56,"column":11}},"23":{"start":{"line":59,"column":6},"end":{"line":59,"column":60}},"24":{"start":{"line":60,"column":6},"end":{"line":60,"column":37}},"25":{"start":{"line":64,"column":0},"end":{"line":64,"column":24}}},"fnMap":{"0":{"name":"(anonymous_0)","decl":{"start":{"line":13,"column":15},"end":{"line":13,"column":16}},"loc":{"start":{"line":14,"column":6},"end":{"line":14,"column":63}},"line":14},"1":{"name":"(anonymous_1)","decl":{"start":{"line":26,"column":14},"end":{"line":26,"column":15}},"loc":{"start":{"line":26,"column":33},"end":{"line":33,"column":3}},"line":26},"2":{"name":"(anonymous_2)","decl":{"start":{"line":37,"column":17},"end":{"line":37,"column":18}},"loc":{"start":{"line":37,"column":31},"end":{"line":62,"column":3}},"line":37},"3":{"name":"(anonymous_3)","decl":{"start":{"line":38,"column":37},"end":{"line":38,"column":38}},"loc":{"start":{"line":38,"column":44},"end":{"line":61,"column":5}},"line":38}},"branchMap":{"0":{"loc":{"start":{"line":28,"column":4},"end":{"line":32,"column":5}},"type":"if","locations":[{"start":{"line":28,"column":4},"end":{"line":32,"column":5}},{"start":{"line":30,"column":11},"end":{"line":32,"column":5}}],"line":28},"1":{"loc":{"start":{"line":39,"column":6},"end":{"line":42,"column":7}},"type":"if","locations":[{"start":{"line":39,"column":6},"end":{"line":42,"column":7}},{"start":{},"end":{}}],"line":39},"2":{"loc":{"start":{"line":43,"column":6},"end":{"line":45,"column":7}},"type":"if","locations":[{"start":{"line":43,"column":6},"end":{"line":45,"column":7}},{"start":{},"end":{}}],"line":43},"3":{"loc":{"start":{"line":43,"column":10},"end":{"line":43,"column":37}},"type":"binary-expr","locations":[{"start":{"line":43,"column":10},"end":{"line":43,"column":19}},{"start":{"line":43,"column":23},"end":{"line":43,"column":37}}],"line":43},"4":{"loc":{"start":{"line":51,"column":6},"end":{"line":57,"column":7}},"type":"if","locations":[{"start":{"line":51,"column":6},"end":{"line":57,"column":7}},{"start":{},"end":{}}],"line":51}},"s":{"0":5,"1":5,"2":5,"3":5,"4":5,"5":5,"6":1,"7":5,"8":1,"9":1,"10":0,"11":5,"12":2,"13":2,"14":2,"15":2,"16":0,"17":0,"18":0,"19":0,"20":0,"21":0,"22":0,"23":0,"24":0,"25":5},"f":{"0":1,"1":1,"2":2,"3":2},"b":{"0":[1,0],"1":[2,0],"2":[0,0],"3":[0,0],"4":[0,0]},"_coverageSchema":"1a1c01bbd47fc00a2c39e90264f33305004495a9","hash":"17a887be5764acdf92c4521ef66102eeeaf36208"}
}
