TN:
SF:config/cloudinary.js
FNF:0
FNH:0
DA:2,4
DA:4,4
DA:11,4
LF:3
LH:3
BRF:0
BRH:0
end_of_record
TN:
SF:config/cors.js
FN:4,(anonymous_0)
FN:18,(anonymous_1)
FN:35,(anonymous_2)
FN:39,(anonymous_3)
FNF:4
FNH:0
FNDA:0,(anonymous_0)
FNDA:0,(anonymous_1)
FNDA:0,(anonymous_2)
FNDA:0,(anonymous_3)
DA:1,0
DA:5,0
DA:10,0
DA:11,0
DA:12,0
DA:15,0
DA:19,0
DA:36,0
DA:40,0
DA:44,0
LF:10
LH:0
BRDA:10,0,0,0
BRDA:10,0,1,0
BRF:2
BRH:0
end_of_record
TN:
SF:config/database.js
FN:4,(anonymous_0)
FN:26,(anonymous_1)
FN:52,(anonymous_2)
FN:53,(anonymous_3)
FN:57,(anonymous_4)
FN:61,(anonymous_5)
FN:66,(anonymous_6)
FN:73,(anonymous_7)
FNF:8
FNH:0
FNDA:0,(anonymous_0)
FNDA:0,(anonymous_1)
FNDA:0,(anonymous_2)
FNDA:0,(anonymous_3)
FNDA:0,(anonymous_4)
FNDA:0,(anonymous_5)
FNDA:0,(anonymous_6)
FNDA:0,(anonymous_7)
DA:1,0
DA:5,0
DA:6,0
DA:11,0
DA:14,0
DA:17,0
DA:19,0
DA:21,0
DA:22,0
DA:27,0
DA:28,0
DA:31,0
DA:34,0
DA:40,0
DA:46,0
DA:48,0
DA:53,0
DA:54,0
DA:57,0
DA:58,0
DA:61,0
DA:62,0
DA:66,0
DA:67,0
DA:68,0
DA:69,0
DA:74,0
DA:78,0
LF:28
LH:0
BRF:0
BRH:0
end_of_record
TN:
SF:config/environment.js
FN:19,(anonymous_0)
FN:24,(anonymous_1)
FN:31,(anonymous_2)
FN:50,(anonymous_3)
FN:77,(anonymous_4)
FN:81,(anonymous_5)
FN:85,(anonymous_6)
FNF:7
FNH:0
FNDA:0,(anonymous_0)
FNDA:0,(anonymous_1)
FNDA:0,(anonymous_2)
FNDA:0,(anonymous_3)
FNDA:0,(anonymous_4)
FNDA:0,(anonymous_5)
FNDA:0,(anonymous_6)
DA:2,0
DA:11,0
DA:20,0
DA:21,0
DA:24,0
DA:25,0
DA:26,0
DA:31,0
DA:32,0
DA:33,0
DA:37,0
DA:38,0
DA:39,0
DA:42,0
DA:43,0
DA:46,0
DA:47,0
DA:51,0
DA:78,0
DA:82,0
DA:86,0
DA:87,0
DA:88,0
DA:89,0
DA:93,0
LF:25
LH:0
BRDA:25,0,0,0
BRDA:25,0,1,0
BRDA:32,1,0,0
BRDA:32,1,1,0
BRDA:37,2,0,0
BRDA:37,2,1,0
BRDA:42,3,0,0
BRDA:42,3,1,0
BRDA:52,4,0,0
BRDA:52,4,1,0
BRDA:53,5,0,0
BRDA:53,5,1,0
BRF:12
BRH:0
end_of_record
TN:
SF:config/session.js
FN:5,(anonymous_0)
FN:35,(anonymous_1)
FNF:2
FNH:0
FNDA:0,(anonymous_0)
FNDA:0,(anonymous_1)
DA:1,0
DA:2,0
DA:6,0
DA:7,0
DA:10,0
DA:11,0
DA:14,0
DA:36,0
DA:40,0
LF:9
LH:0
BRDA:6,0,0,0
BRDA:6,0,1,0
BRDA:10,1,0,0
BRDA:10,1,1,0
BRDA:27,2,0,0
BRDA:27,2,1,0
BRF:6
BRH:0
end_of_record
TN:
SF:models/Response.js
FNF:0
FNH:0
DA:1,13
DA:2,13
DA:4,13
DA:18,13
DA:26,13
LF:5
LH:5
BRF:0
BRH:0
end_of_record
TN:
SF:routes/adminRoutes.js
FN:22,cleanupCache
FN:38,(anonymous_1)
FN:41,(anonymous_2)
FN:59,preWarmCurrentMonth
FN:87,(anonymous_4)
FN:102,getQuestionOrderForMonth
FN:160,(anonymous_6)
FN:178,(anonymous_7)
FN:182,(anonymous_8)
FN:247,(anonymous_9)
FN:253,(anonymous_10)
FN:259,(anonymous_11)
FN:271,(anonymous_12)
FN:272,(anonymous_13)
FN:280,(anonymous_14)
FN:282,(anonymous_15)
FN:294,(anonymous_16)
FN:303,(anonymous_17)
FN:317,(anonymous_18)
FN:328,(anonymous_19)
FN:356,(anonymous_20)
FN:359,(anonymous_21)
FN:401,(anonymous_22)
FN:405,(anonymous_23)
FN:465,(anonymous_24)
FN:485,(anonymous_25)
FN:491,decodeHtmlEntities
FN:503,(anonymous_27)
FN:505,(anonymous_28)
FN:514,(anonymous_29)
FN:516,(anonymous_30)
FN:530,(anonymous_31)
FN:537,(anonymous_32)
FN:556,(anonymous_33)
FN:560,(anonymous_34)
FN:576,(anonymous_35)
FN:581,(anonymous_36)
FN:582,(anonymous_37)
FN:594,(anonymous_38)
FN:599,(anonymous_39)
FN:614,(anonymous_40)
FNF:41
FNH:21
FNDA:0,cleanupCache
FNDA:0,(anonymous_1)
FNDA:0,(anonymous_2)
FNDA:0,preWarmCurrentMonth
FNDA:0,(anonymous_4)
FNDA:2,getQuestionOrderForMonth
FNDA:4,(anonymous_6)
FNDA:4,(anonymous_7)
FNDA:2,(anonymous_8)
FNDA:0,(anonymous_9)
FNDA:0,(anonymous_10)
FNDA:0,(anonymous_11)
FNDA:0,(anonymous_12)
FNDA:0,(anonymous_13)
FNDA:0,(anonymous_14)
FNDA:0,(anonymous_15)
FNDA:0,(anonymous_16)
FNDA:9,(anonymous_17)
FNDA:7,(anonymous_18)
FNDA:0,(anonymous_19)
FNDA:1,(anonymous_20)
FNDA:1,(anonymous_21)
FNDA:2,(anonymous_22)
FNDA:2,(anonymous_23)
FNDA:2,(anonymous_24)
FNDA:2,(anonymous_25)
FNDA:4,decodeHtmlEntities
FNDA:2,(anonymous_27)
FNDA:2,(anonymous_28)
FNDA:2,(anonymous_29)
FNDA:2,(anonymous_30)
FNDA:0,(anonymous_31)
FNDA:0,(anonymous_32)
FNDA:0,(anonymous_33)
FNDA:0,(anonymous_34)
FNDA:2,(anonymous_35)
FNDA:4,(anonymous_36)
FNDA:2,(anonymous_37)
FNDA:0,(anonymous_38)
FNDA:0,(anonymous_39)
FNDA:1,(anonymous_40)
DA:2,7
DA:3,7
DA:4,7
DA:5,7
DA:6,7
DA:7,7
DA:8,7
DA:11,7
DA:14,7
DA:15,7
DA:16,7
DA:23,0
DA:24,0
DA:27,0
DA:28,0
DA:29,0
DA:30,0
DA:35,0
DA:36,0
DA:38,0
DA:40,0
DA:41,0
DA:42,0
DA:43,0
DA:47,0
DA:48,0
DA:53,7
DA:60,0
DA:61,0
DA:62,0
DA:71,0
DA:72,0
DA:73,0
DA:76,0
DA:81,7
DA:84,7
DA:85,7
DA:86,7
DA:87,7
DA:88,0
DA:90,0
DA:103,2
DA:104,2
DA:105,2
DA:107,2
DA:114,2
DA:115,0
DA:116,0
DA:117,0
DA:120,2
DA:123,2
DA:124,2
DA:126,2
DA:128,2
DA:129,2
DA:136,2
DA:137,2
DA:138,2
DA:142,2
DA:143,2
DA:145,2
DA:146,0
DA:147,0
DA:150,2
DA:157,2
DA:159,2
DA:160,2
DA:161,4
DA:164,2
DA:165,2
DA:166,0
DA:174,2
DA:175,2
DA:176,2
DA:178,2
DA:179,4
DA:180,2
DA:181,2
DA:182,2
DA:183,2
DA:184,2
DA:185,2
DA:187,0
DA:193,2
DA:195,0
DA:203,2
DA:211,2
DA:212,2
DA:219,2
DA:222,0
DA:230,0
DA:231,0
DA:232,0
DA:236,0
DA:241,7
DA:244,7
DA:247,7
DA:249,0
DA:250,0
DA:252,0
DA:255,0
DA:256,0
DA:258,0
DA:260,0
DA:262,0
DA:264,0
DA:268,0
DA:269,0
DA:271,0
DA:272,0
DA:273,0
DA:274,0
DA:275,0
DA:276,0
DA:280,0
DA:283,0
DA:287,0
DA:292,0
DA:294,0
DA:297,0
DA:298,0
DA:303,7
DA:304,9
DA:305,9
DA:306,3
DA:307,2
DA:308,2
DA:310,6
DA:311,6
DA:317,7
DA:318,7
DA:319,7
DA:320,7
DA:321,7
DA:322,7
DA:325,7
DA:326,7
DA:328,0
DA:329,0
DA:330,0
DA:333,7
DA:334,7
DA:336,7
DA:343,3
DA:349,4
DA:350,4
DA:355,7
DA:357,1
DA:360,1
DA:361,1
DA:362,1
DA:364,0
DA:365,0
DA:401,7
DA:402,2
DA:403,2
DA:404,2
DA:405,2
DA:406,1
DA:413,2
DA:414,2
DA:428,2
DA:434,2
DA:453,2
DA:462,2
DA:463,2
DA:465,2
DA:466,2
DA:469,2
DA:470,0
DA:471,0
DA:475,2
DA:476,2
DA:479,2
DA:480,2
DA:481,2
DA:484,2
DA:485,2
DA:492,4
DA:493,4
DA:503,2
DA:504,2
DA:505,2
DA:506,2
DA:507,2
DA:514,2
DA:515,2
DA:516,2
DA:517,2
DA:518,2
DA:525,2
DA:526,0
DA:529,0
DA:530,0
DA:531,0
DA:532,0
DA:533,0
DA:536,0
DA:537,0
DA:539,0
DA:540,0
DA:548,2
DA:549,2
DA:554,2
DA:555,0
DA:556,0
DA:557,0
DA:558,0
DA:559,0
DA:560,0
DA:561,0
DA:562,0
DA:572,2
DA:576,2
DA:577,2
DA:578,2
DA:581,4
DA:582,2
DA:585,2
DA:586,2
DA:588,2
DA:592,2
DA:593,0
DA:594,0
DA:595,0
DA:596,0
DA:598,0
DA:599,0
DA:600,0
DA:601,0
DA:605,2
DA:607,0
DA:608,0
DA:614,7
DA:615,1
DA:616,1
DA:645,1
DA:650,1
DA:652,0
DA:653,0
DA:657,7
LF:241
LH:143
BRDA:11,0,0,7
BRDA:11,0,1,7
BRDA:28,1,0,0
BRDA:28,1,1,0
BRDA:35,2,0,0
BRDA:35,2,1,0
BRDA:47,3,0,0
BRDA:47,3,1,0
BRDA:71,4,0,0
BRDA:71,4,1,0
BRDA:114,5,0,0
BRDA:114,5,1,2
BRDA:114,6,0,2
BRDA:114,6,1,0
BRDA:136,7,0,2
BRDA:136,7,1,0
BRDA:145,8,0,0
BRDA:145,8,1,2
BRDA:154,9,0,2
BRDA:154,9,1,0
BRDA:159,10,0,2
BRDA:159,10,1,0
BRDA:161,11,0,4
BRDA:161,11,1,4
BRDA:161,11,2,4
BRDA:165,12,0,0
BRDA:165,12,1,2
BRDA:174,13,0,2
BRDA:174,13,1,0
BRDA:179,14,0,2
BRDA:179,14,1,2
BRDA:181,15,0,2
BRDA:181,15,1,0
BRDA:183,16,0,2
BRDA:183,16,1,0
BRDA:230,17,0,0
BRDA:230,17,1,0
BRDA:236,18,0,0
BRDA:236,18,1,0
BRDA:249,19,0,0
BRDA:249,19,1,0
BRDA:255,20,0,0
BRDA:255,20,1,0
BRDA:255,21,0,0
BRDA:255,21,1,0
BRDA:273,22,0,0
BRDA:273,22,1,0
BRDA:273,23,0,0
BRDA:273,23,1,0
BRDA:275,24,0,0
BRDA:275,24,1,0
BRDA:283,25,0,0
BRDA:283,25,1,0
BRDA:306,26,0,1
BRDA:306,26,1,2
BRDA:319,27,0,7
BRDA:319,27,1,3
BRDA:320,28,0,7
BRDA:320,28,1,3
BRDA:326,29,0,0
BRDA:326,29,1,7
BRDA:346,30,0,3
BRDA:346,30,1,3
BRDA:404,31,0,1
BRDA:404,31,1,1
BRDA:404,32,0,2
BRDA:404,32,1,1
BRDA:469,33,0,0
BRDA:469,33,1,2
BRDA:475,34,0,2
BRDA:475,34,1,0
BRDA:480,35,0,2
BRDA:480,35,1,2
BRDA:492,36,0,0
BRDA:492,36,1,4
BRDA:492,37,0,4
BRDA:492,37,1,4
BRDA:504,38,0,2
BRDA:504,38,1,0
BRDA:506,39,0,2
BRDA:506,39,1,0
BRDA:515,40,0,2
BRDA:515,40,1,0
BRDA:517,41,0,2
BRDA:517,41,1,0
BRDA:525,42,0,0
BRDA:525,42,1,2
BRDA:525,43,0,2
BRDA:525,43,1,0
BRDA:532,44,0,0
BRDA:532,44,1,0
BRDA:539,45,0,0
BRDA:539,45,1,0
BRDA:548,46,0,2
BRDA:548,46,1,1
BRDA:554,47,0,0
BRDA:554,47,1,2
BRDA:554,48,0,2
BRDA:554,48,1,0
BRDA:557,49,0,0
BRDA:557,49,1,0
BRDA:557,50,0,0
BRDA:557,50,1,0
BRDA:559,51,0,0
BRDA:559,51,1,0
BRDA:561,52,0,0
BRDA:561,52,1,0
BRDA:585,53,0,0
BRDA:585,53,1,2
BRDA:586,54,0,0
BRDA:586,54,1,2
BRDA:592,55,0,0
BRDA:592,55,1,2
BRDA:592,56,0,2
BRDA:592,56,1,0
BRDA:595,57,0,0
BRDA:595,57,1,0
BRDA:600,58,0,0
BRDA:600,58,1,0
BRF:119
BRH:51
end_of_record
TN:
SF:routes/formRoutes.js
FN:5,(anonymous_0)
FNF:1
FNH:1
FNDA:24,(anonymous_0)
DA:1,5
DA:2,5
DA:3,5
DA:5,5
DA:6,24
DA:8,24
DA:11,24
DA:14,24
DA:17,24
DA:20,24
DA:28,24
DA:29,16
DA:35,8
DA:36,8
DA:40,5
LF:15
LH:15
BRDA:14,0,0,24
BRDA:14,0,1,19
BRDA:17,1,0,1
BRDA:17,1,1,23
BRDA:32,2,0,16
BRDA:32,2,1,15
BRDA:32,3,0,15
BRDA:32,3,1,0
BRF:8
BRH:7
end_of_record
TN:
SF:routes/responseRoutes.js
FN:18,(anonymous_0)
FNF:1
FNH:1
FNDA:21,(anonymous_0)
DA:3,7
DA:4,7
DA:5,7
DA:7,7
DA:8,7
DA:9,7
DA:12,7
DA:21,21
DA:22,21
DA:23,21
DA:25,21
DA:29,21
DA:33,21
DA:34,5
DA:55,5
DA:56,0
DA:61,5
DA:64,16
DA:71,16
DA:75,19
DA:76,19
DA:80,19
DA:81,19
DA:88,2
DA:89,2
DA:94,7
LF:26
LH:25
BRDA:25,0,0,5
BRDA:25,0,1,16
BRDA:33,1,0,5
BRDA:33,1,1,16
BRDA:55,2,0,0
BRDA:55,2,1,5
BRDA:75,3,0,19
BRDA:75,3,1,0
BRDA:76,4,0,14
BRDA:76,4,1,5
BRDA:80,5,0,19
BRDA:80,5,1,1
BRF:12
BRH:10
end_of_record
TN:
SF:routes/upload.js
FN:13,(anonymous_0)
FN:26,(anonymous_1)
FN:37,(anonymous_2)
FN:38,(anonymous_3)
FNF:4
FNH:4
FNDA:1,(anonymous_0)
FNDA:1,(anonymous_1)
FNDA:2,(anonymous_2)
FNDA:2,(anonymous_3)
DA:2,5
DA:3,5
DA:4,5
DA:5,5
DA:6,5
DA:9,5
DA:14,1
DA:19,5
DA:28,1
DA:29,1
DA:31,0
DA:37,5
DA:38,2
DA:39,2
DA:40,2
DA:41,2
DA:43,0
DA:44,0
DA:48,0
DA:49,0
DA:51,0
DA:52,0
DA:53,0
DA:59,0
DA:60,0
DA:64,5
LF:26
LH:16
BRDA:28,0,0,1
BRDA:28,0,1,0
BRDA:39,1,0,2
BRDA:39,1,1,0
BRDA:43,2,0,0
BRDA:43,2,1,0
BRDA:43,3,0,0
BRDA:43,3,1,0
BRDA:51,4,0,0
BRDA:51,4,1,0
BRF:10
BRH:2
end_of_record
